2024-11-05 19:44:54.236 -05:00 [INF] Starting collection for session id: 2e3a668a-29b1-4d06-bd63-ee4a094bdc2b
2024-11-05 19:44:54.269 -05:00 [INF] ReportGenerator.LoadGenerators. OutputType: default
2024-11-05 19:44:54.269 -05:00 [ERR] ReportGeneratorFactory.CreateGenerator: Invalid outputType: default found. Using DefaultReportGenerator.
2024-11-05 19:44:54.269 -05:00 [VRB] PrivilegeChecker.IsPrivilegeEnabled number of privileges: 5
2024-11-05 19:44:54.269 -05:00 [VRB] PrivilegeChecker.IsPrivilegeEnabled number of privileges: 5
2024-11-05 19:44:54.269 -05:00 [VRB] PrivilegeChecker.IsPrivilegeEnabled number of privileges: 5
2024-11-05 19:44:54.335 -05:00 [INF] PipeConnectionsManager.OpenConnectionInternal: acquired lock. Creating new connection.
2024-11-05 19:44:54.343 -05:00 [INF] PipeConnectionsManager.OpenConnectionInternal: Created new connection. Number of connections: 0
2024-11-05 19:44:54.343 -05:00 [INF] PipeConnectionsManager.OpenConnectionInternal: acquired lock. Creating new connection.
2024-11-05 19:44:54.343 -05:00 [INF] PipeConnectionsManager.OpenConnectionInternal: Created new connection. Number of connections: 0
2024-11-05 19:44:54.343 -05:00 [INF] PipeConnectionsManager.OpenConnectionInternal: acquired lock. Creating new connection.
2024-11-05 19:44:54.343 -05:00 [INF] PipeConnectionsManager.OpenConnectionInternal: Created new connection. Number of connections: 0
2024-11-05 19:44:54.343 -05:00 [INF] PipeConnectionsManager.OpenConnectionInternal: acquired lock. Creating new connection.
2024-11-05 19:44:54.343 -05:00 [INF] PipeConnectionsManager.OpenConnectionInternal: Created new connection. Number of connections: 0
2024-11-05 19:44:54.343 -05:00 [INF] PipeConnectionsManager.OpenConnectionInternal: acquired lock. Creating new connection.
2024-11-05 19:44:54.343 -05:00 [INF] PipeConnectionsManager.OpenConnectionInternal: Created new connection. Number of connections: 0
2024-11-05 19:44:54.349 -05:00 [VRB] Configuring environment variable key: CODE_COVERAGE_SESSION_NAME, value: 2e3a668a-29b1-4d06-bd63-ee4a094bdc2b
2024-11-05 19:44:54.349 -05:00 [VRB] Configuring environment variable key: CODE_COVERAGE_PIPE_COUNT, value: 1
2024-11-05 19:44:54.349 -05:00 [VRB] Configuring environment variable key: MicrosoftInstrumentationEngine_DisableCodeSignatureValidation, value: 1
2024-11-05 19:44:54.351 -05:00 [VRB] Configuring environment variable key: CODE_COVERAGE_FLAGS, value: 5
2024-11-05 19:44:54.351 -05:00 [VRB] Configuring environment variable key: CODE_COVERAGE_DATA_PREFIX, value: CodeCoverage.2e3a668a-29b1-4d06-bd63-ee4a094bdc2b.
2024-11-05 19:44:54.351 -05:00 [VRB] Configuring environment variable key: MicrosoftInstrumentationEngine_ConfigPath64_VanguardInstrumentationProfiler, value: C:\Program Files\Microsoft Visual Studio\2022\Enterprise\Team Tools\Dynamic Code Coverage Tools\amd64\VanguardInstrumentationProfiler_x64.config
2024-11-05 19:44:54.351 -05:00 [VRB] Configuring environment variable key: MicrosoftInstrumentationEngine_ConfigPath32_VanguardInstrumentationProfiler, value: C:\Program Files\Microsoft Visual Studio\2022\Enterprise\Team Tools\Dynamic Code Coverage Tools\VanguardInstrumentationProfiler_x86.config
2024-11-05 19:44:54.351 -05:00 [VRB] Configuring environment variable key: MicrosoftInstrumentationEngine_ConfigPathARM64_VanguardInstrumentationProfiler, value: C:\Program Files\Microsoft Visual Studio\2022\Enterprise\Team Tools\Dynamic Code Coverage Tools\arm64\VanguardInstrumentationProfiler_arm64.config
2024-11-05 19:44:54.357 -05:00 [VRB] Configuring environment variable key: PATH, value: C:\Program Files\Common Files\Oracle\Java\javapath;C:\Windows\system32;C:\Windows;C:\Windows\System32\Wbem;C:\Windows\System32\WindowsPowerShell\v1.0\;C:\Windows\System32\OpenSSH\;C:\Program Files\Microsoft SQL Server\150\Tools\Binn\;C:\Program Files (x86)\Windows Kits\10\Windows Performance Toolkit\;C:\Program Files\Git\cmd;C:\Program Files\nodejs\;C:\Program Files\Java\jdk-23\bin;C:\Program Files\PowerShell\7\;C:\Program Files\Amazon\AWSCLIV2\;C:\Users\jason\AppData\Local\Programs\Python\Python313\Scripts\;C:\Users\jason\AppData\Local\Programs\Python\Python313\;C:\Users\jason\AppData\Local\Microsoft\WindowsApps;C:\Users\jason\AppData\Local\gitkraken\bin;C:\Users\jason\AppData\Local\Programs\Microsoft VS Code\bin;C:\Users\jason\AppData\Roaming\npm;C:\Program Files\Microsoft Visual Studio\2022\Enterprise\Team Tools\Dynamic Code Coverage Tools;C:\Program Files\Microsoft Visual Studio\2022\Enterprise\Team Tools\Dynamic Code Coverage Tools\amd64;C:\Program Files\Microsoft Visual Studio\2022\Enterprise\Team Tools\Dynamic Code Coverage Tools\arm64
2024-11-05 19:44:54.359 -05:00 [VRB] Configuring environment variable key: CORECLR_ENABLE_PROFILING, value: 1
2024-11-05 19:44:54.359 -05:00 [VRB] Configuring environment variable key: CORECLR_PROFILER_PATH_64, value: C:\Program Files\Microsoft Visual Studio\2022\Enterprise\Common7\IDE\CommonExtensions\Platform\InstrumentationEngine\x64\MicrosoftInstrumentationEngine_x64.dll
2024-11-05 19:44:54.359 -05:00 [VRB] Configuring environment variable key: CORECLR_PROFILER, value: {324F817A-7420-4E6D-B3C1-143FBED6D855}
2024-11-05 19:44:54.359 -05:00 [VRB] Configuring environment variable key: CORECLR_PROFILER_PATH_32, value: C:\Program Files\Microsoft Visual Studio\2022\Enterprise\Common7\IDE\CommonExtensions\Platform\InstrumentationEngine\x86\MicrosoftInstrumentationEngine_x86.dll
2024-11-05 19:44:54.359 -05:00 [VRB] Configuring environment variable key: CORECLR_PROFILER_PATH_ARM64, value: C:\Program Files\Microsoft Visual Studio\2022\Enterprise\Common7\IDE\CommonExtensions\Platform\InstrumentationEngine\arm64\MicrosoftInstrumentationEngine_arm64.dll
2024-11-05 19:44:54.361 -05:00 [VRB] Configuring environment variable key: COR_ENABLE_PROFILING, value: 1
2024-11-05 19:44:54.361 -05:00 [VRB] Configuring environment variable key: COR_PROFILER_PATH_32, value: C:\Program Files\Microsoft Visual Studio\2022\Enterprise\Common7\IDE\CommonExtensions\Platform\InstrumentationEngine\x86\MicrosoftInstrumentationEngine_x86.dll
2024-11-05 19:44:54.361 -05:00 [VRB] Configuring environment variable key: COR_PROFILER_PATH_64, value: C:\Program Files\Microsoft Visual Studio\2022\Enterprise\Common7\IDE\CommonExtensions\Platform\InstrumentationEngine\x64\MicrosoftInstrumentationEngine_x64.dll
2024-11-05 19:44:54.361 -05:00 [VRB] Configuring environment variable key: COR_PROFILER_PATH_ARM64, value: C:\Program Files\Microsoft Visual Studio\2022\Enterprise\Common7\IDE\CommonExtensions\Platform\InstrumentationEngine\arm64\MicrosoftInstrumentationEngine_arm64.dll
2024-11-05 19:44:54.361 -05:00 [VRB] Configuring environment variable key: COR_PROFILER, value: {324F817A-7420-4E6D-B3C1-143FBED6D855}
2024-11-05 19:44:54.365 -05:00 [VRB] ProcessFactoryWithCovrunInjection.Create injecting covrun into new process for session: 2e3a668a-29b1-4d06-bd63-ee4a094bdc2b
2024-11-05 19:44:54.365 -05:00 [VRB] ProcessFactory: Starting process: fileName: C:\Program Files\Microsoft Visual Studio\2022\Enterprise\Team Tools\Dynamic Code Coverage Tools\amd64\CodeCoverage.exe, arguments: connect /session:2e3a668a-29b1-4d06-bd63-ee4a094bdc2b /wait C:\Users\jason\INF1015_TD_A24\TD4_A24\x64\Debug\ProjetTest.exe 
2024-11-05 19:44:54.373 -05:00 [INF] Started process id: 5048
2024-11-05 19:44:54.395 -05:00 [INF] PipeConnection.OnClientConnected: a8a4142b-b8e9-4f62-880a-08e0e331314f connected: CodeCoverage.pipe.2e3a668a-29b1-4d06-bd63-ee4a094bdc2b
2024-11-05 19:44:54.395 -05:00 [INF] PipeConnectionsManager.OnClientConnectedEvent: Client connect with pipe: CodeCoverage.pipe.2e3a668a-29b1-4d06-bd63-ee4a094bdc2b
2024-11-05 19:44:54.395 -05:00 [INF] PipeConnectionsManager.OpenConnectionInternal: acquired lock. Creating new connection.
2024-11-05 19:44:54.395 -05:00 [INF] PipeConnectionsManager.OpenConnectionInternal: Created new connection. Number of connections: 1
2024-11-05 19:44:54.395 -05:00 [VRB] PipeConnection.OnClientConnected: a8a4142b-b8e9-4f62-880a-08e0e331314f finished
2024-11-05 19:44:54.410 -05:00 [INF] LoggerBase.OnClientConnected: processId:5048
2024-11-05 19:44:54.410 -05:00 [INF] CoveragePipeClient.SendConfiguration[5048]: Sending RegisterClientResponseMessage to client.
2024-11-05 19:44:54.410 -05:00 [VRB] PipeConnection.ReadMessagesAsync: a8a4142b-b8e9-4f62-880a-08e0e331314f finished
2024-11-05 19:44:54.442 -05:00 [INF] PipeConnection.OnClientConnected: f50a0916-6af8-4dc0-893b-649586be22a8 connected: CodeCoverage.pipe.2e3a668a-29b1-4d06-bd63-ee4a094bdc2b
2024-11-05 19:44:54.442 -05:00 [INF] PipeConnectionsManager.OnClientConnectedEvent: Client connect with pipe: CodeCoverage.pipe.2e3a668a-29b1-4d06-bd63-ee4a094bdc2b
2024-11-05 19:44:54.442 -05:00 [INF] PipeConnectionsManager.OpenConnectionInternal: acquired lock. Creating new connection.
2024-11-05 19:44:54.442 -05:00 [INF] PipeConnectionsManager.OpenConnectionInternal: Created new connection. Number of connections: 2
2024-11-05 19:44:54.442 -05:00 [VRB] PipeConnection.OnClientConnected: f50a0916-6af8-4dc0-893b-649586be22a8 finished
2024-11-05 19:44:54.442 -05:00 [INF] LoggerBase.OnClientConnected: processId:6560
2024-11-05 19:44:54.442 -05:00 [INF] CoveragePipeClient.SendConfiguration[6560]: Sending RegisterClientResponseMessage to client.
2024-11-05 19:44:54.460 -05:00 [INF] LoggerBase.CreateStream[6560]: k:StreamKey { Id = b5170f2c-b5bb-4f26-bd6e-07075cf268f9, Prefix = entrypoint:\ } type:b157a3a4-9542-4546-859b-abd1367a08ed path:C:\Users\jason\INF1015_TD_A24\TD4_A24\x64\Debug\ProjetTest.exe
2024-11-05 19:44:54.465 -05:00 [INF] StaticStreamCreator.CreateStream: Creating LocalMemoryStream. streamId:0, identifier:00000000-0000-0000-0000-000000000000
2024-11-05 19:44:54.469 -05:00 [INF] LoggerBase.OnCreateStream: processId:6560, streamId:0, streamType:b157a3a4-9542-4546-859b-abd1367a08ed, bufferSize:0, bufferHeader:, bufferName:, prefix:entrypoint:\
2024-11-05 19:44:54.469 -05:00 [INF] CoveragePipeClient.SendCreateStreamResponse[6560]: streamId:0, bufferName:
2024-11-05 19:44:54.505 -05:00 [INF] LoggerBase.CreateStream[6560]: k:StreamKey { Id = b5170f2c-b5bb-4f26-bd6e-07075cf268f9, Prefix = unmanaged:\ } type:2a4f0f81-6809-4480-87ce-0d772568cfb6 path:C:\Users\jason\INF1015_TD_A24\TD4_A24\x64\Debug\ProjetTest.exe
2024-11-05 19:44:54.505 -05:00 [INF] StaticStreamCreator.CreateStream: Creating LocalMemoryStream. streamId:1, identifier:00000000-0000-0000-0000-000000000000
2024-11-05 19:44:54.512 -05:00 [INF] LoggerBase.OnCreateStream: processId:6560, streamId:1, streamType:2a4f0f81-6809-4480-87ce-0d772568cfb6, bufferSize:0, bufferHeader:, bufferName:, prefix:unmanaged:\
2024-11-05 19:44:54.512 -05:00 [INF] CoveragePipeClient.SendCreateStreamResponse[6560]: streamId:1, bufferName:
2024-11-05 19:44:54.512 -05:00 [VRB] LoggerBase.OnWriteStream: processId:6560, streamId:1, streamType:2a4f0f81-6809-4480-87ce-0d772568cfb6, bufferSize:174
2024-11-05 19:44:54.526 -05:00 [VRB] LoggerBase.OnWriteStream: processId:6560, streamId:1, streamType:2a4f0f81-6809-4480-87ce-0d772568cfb6, bufferSize:102
2024-11-05 19:44:54.526 -05:00 [VRB] LoggerBase.OnWriteStream: processId:6560, streamId:1, streamType:2a4f0f81-6809-4480-87ce-0d772568cfb6, bufferSize:304
2024-11-05 19:44:54.526 -05:00 [VRB] LoggerBase.OnWriteStream: processId:6560, streamId:1, streamType:2a4f0f81-6809-4480-87ce-0d772568cfb6, bufferSize:92
2024-11-05 19:44:54.526 -05:00 [VRB] LoggerBase.OnWriteStream: processId:6560, streamId:1, streamType:2a4f0f81-6809-4480-87ce-0d772568cfb6, bufferSize:72
2024-11-05 19:44:54.526 -05:00 [VRB] LoggerBase.OnWriteStream: processId:6560, streamId:1, streamType:2a4f0f81-6809-4480-87ce-0d772568cfb6, bufferSize:60
2024-11-05 19:44:54.526 -05:00 [VRB] LoggerBase.OnWriteStream: processId:6560, streamId:1, streamType:2a4f0f81-6809-4480-87ce-0d772568cfb6, bufferSize:42
2024-11-05 19:44:54.526 -05:00 [VRB] LoggerBase.OnWriteStream: processId:6560, streamId:1, streamType:2a4f0f81-6809-4480-87ce-0d772568cfb6, bufferSize:48
2024-11-05 19:44:54.526 -05:00 [VRB] LoggerBase.OnWriteStream: processId:6560, streamId:1, streamType:2a4f0f81-6809-4480-87ce-0d772568cfb6, bufferSize:48
2024-11-05 19:44:54.526 -05:00 [VRB] LoggerBase.OnWriteStream: processId:6560, streamId:1, streamType:2a4f0f81-6809-4480-87ce-0d772568cfb6, bufferSize:48
2024-11-05 19:44:54.537 -05:00 [VRB] LoggerBase.OnWriteStream: processId:6560, streamId:1, streamType:2a4f0f81-6809-4480-87ce-0d772568cfb6, bufferSize:62
2024-11-05 19:44:54.537 -05:00 [VRB] LoggerBase.OnWriteStream: processId:6560, streamId:1, streamType:2a4f0f81-6809-4480-87ce-0d772568cfb6, bufferSize:170
2024-11-05 19:44:54.537 -05:00 [VRB] LoggerBase.OnWriteStream: processId:6560, streamId:1, streamType:2a4f0f81-6809-4480-87ce-0d772568cfb6, bufferSize:68
2024-11-05 19:44:54.537 -05:00 [VRB] LoggerBase.OnWriteStream: processId:6560, streamId:1, streamType:2a4f0f81-6809-4480-87ce-0d772568cfb6, bufferSize:142
2024-11-05 19:44:54.537 -05:00 [VRB] LoggerBase.OnWriteStream: processId:6560, streamId:1, streamType:2a4f0f81-6809-4480-87ce-0d772568cfb6, bufferSize:74
2024-11-05 19:44:54.537 -05:00 [VRB] LoggerBase.OnWriteStream: processId:6560, streamId:1, streamType:2a4f0f81-6809-4480-87ce-0d772568cfb6, bufferSize:118
2024-11-05 19:44:54.537 -05:00 [VRB] LoggerBase.OnWriteStream: processId:6560, streamId:1, streamType:2a4f0f81-6809-4480-87ce-0d772568cfb6, bufferSize:212
2024-11-05 19:44:54.537 -05:00 [VRB] LoggerBase.OnWriteStream: processId:6560, streamId:1, streamType:2a4f0f81-6809-4480-87ce-0d772568cfb6, bufferSize:82
2024-11-05 19:44:54.537 -05:00 [VRB] LoggerBase.OnWriteStream: processId:6560, streamId:1, streamType:2a4f0f81-6809-4480-87ce-0d772568cfb6, bufferSize:58
2024-11-05 19:44:54.537 -05:00 [VRB] LoggerBase.OnWriteStream: processId:6560, streamId:1, streamType:2a4f0f81-6809-4480-87ce-0d772568cfb6, bufferSize:42
2024-11-05 19:44:54.537 -05:00 [VRB] LoggerBase.OnWriteStream: processId:6560, streamId:1, streamType:2a4f0f81-6809-4480-87ce-0d772568cfb6, bufferSize:60
2024-11-05 19:44:54.537 -05:00 [VRB] LoggerBase.OnWriteStream: processId:6560, streamId:1, streamType:2a4f0f81-6809-4480-87ce-0d772568cfb6, bufferSize:82
2024-11-05 19:44:54.537 -05:00 [VRB] LoggerBase.OnWriteStream: processId:6560, streamId:1, streamType:2a4f0f81-6809-4480-87ce-0d772568cfb6, bufferSize:66
2024-11-05 19:44:54.537 -05:00 [VRB] LoggerBase.OnWriteStream: processId:6560, streamId:1, streamType:2a4f0f81-6809-4480-87ce-0d772568cfb6, bufferSize:54
2024-11-05 19:44:54.537 -05:00 [VRB] LoggerBase.OnWriteStream: processId:6560, streamId:1, streamType:2a4f0f81-6809-4480-87ce-0d772568cfb6, bufferSize:124
2024-11-05 19:44:54.539 -05:00 [VRB] LoggerBase.OnWriteStream: processId:6560, streamId:1, streamType:2a4f0f81-6809-4480-87ce-0d772568cfb6, bufferSize:58
2024-11-05 19:44:54.539 -05:00 [VRB] LoggerBase.OnWriteStream: processId:6560, streamId:1, streamType:2a4f0f81-6809-4480-87ce-0d772568cfb6, bufferSize:86
2024-11-05 19:44:54.539 -05:00 [VRB] LoggerBase.OnWriteStream: processId:6560, streamId:1, streamType:2a4f0f81-6809-4480-87ce-0d772568cfb6, bufferSize:76
2024-11-05 19:44:54.539 -05:00 [VRB] LoggerBase.OnWriteStream: processId:6560, streamId:1, streamType:2a4f0f81-6809-4480-87ce-0d772568cfb6, bufferSize:150
2024-11-05 19:44:54.539 -05:00 [VRB] LoggerBase.OnWriteStream: processId:6560, streamId:1, streamType:2a4f0f81-6809-4480-87ce-0d772568cfb6, bufferSize:174
2024-11-05 19:44:54.539 -05:00 [VRB] LoggerBase.OnWriteStream: processId:6560, streamId:1, streamType:2a4f0f81-6809-4480-87ce-0d772568cfb6, bufferSize:140
2024-11-05 19:44:54.539 -05:00 [VRB] LoggerBase.OnWriteStream: processId:6560, streamId:1, streamType:2a4f0f81-6809-4480-87ce-0d772568cfb6, bufferSize:532
2024-11-05 19:44:54.539 -05:00 [VRB] LoggerBase.OnWriteStream: processId:6560, streamId:1, streamType:2a4f0f81-6809-4480-87ce-0d772568cfb6, bufferSize:138
2024-11-05 19:44:54.539 -05:00 [VRB] LoggerBase.OnWriteStream: processId:6560, streamId:1, streamType:2a4f0f81-6809-4480-87ce-0d772568cfb6, bufferSize:3686
2024-11-05 19:44:54.539 -05:00 [VRB] LoggerBase.OnWriteStream: processId:6560, streamId:1, streamType:2a4f0f81-6809-4480-87ce-0d772568cfb6, bufferSize:42
2024-11-05 19:44:54.539 -05:00 [VRB] LoggerBase.OnWriteStream: processId:6560, streamId:1, streamType:2a4f0f81-6809-4480-87ce-0d772568cfb6, bufferSize:58
2024-11-05 19:44:54.539 -05:00 [VRB] LoggerBase.OnWriteStream: processId:6560, streamId:1, streamType:2a4f0f81-6809-4480-87ce-0d772568cfb6, bufferSize:62
2024-11-05 19:44:54.539 -05:00 [VRB] LoggerBase.OnWriteStream: processId:6560, streamId:1, streamType:2a4f0f81-6809-4480-87ce-0d772568cfb6, bufferSize:158
2024-11-05 19:44:54.539 -05:00 [VRB] LoggerBase.OnWriteStream: processId:6560, streamId:1, streamType:2a4f0f81-6809-4480-87ce-0d772568cfb6, bufferSize:338
2024-11-05 19:44:54.539 -05:00 [VRB] LoggerBase.OnWriteStream: processId:6560, streamId:1, streamType:2a4f0f81-6809-4480-87ce-0d772568cfb6, bufferSize:220
2024-11-05 19:44:54.539 -05:00 [VRB] LoggerBase.OnWriteStream: processId:6560, streamId:1, streamType:2a4f0f81-6809-4480-87ce-0d772568cfb6, bufferSize:152
2024-11-05 19:44:54.539 -05:00 [VRB] LoggerBase.OnWriteStream: processId:6560, streamId:1, streamType:2a4f0f81-6809-4480-87ce-0d772568cfb6, bufferSize:320
2024-11-05 19:44:54.539 -05:00 [VRB] LoggerBase.OnWriteStream: processId:6560, streamId:1, streamType:2a4f0f81-6809-4480-87ce-0d772568cfb6, bufferSize:140
2024-11-05 19:44:54.539 -05:00 [VRB] LoggerBase.OnWriteStream: processId:6560, streamId:1, streamType:2a4f0f81-6809-4480-87ce-0d772568cfb6, bufferSize:160
2024-11-05 19:44:54.539 -05:00 [VRB] LoggerBase.OnWriteStream: processId:6560, streamId:1, streamType:2a4f0f81-6809-4480-87ce-0d772568cfb6, bufferSize:606
2024-11-05 19:44:54.539 -05:00 [VRB] LoggerBase.OnWriteStream: processId:6560, streamId:1, streamType:2a4f0f81-6809-4480-87ce-0d772568cfb6, bufferSize:76
2024-11-05 19:44:54.539 -05:00 [VRB] LoggerBase.OnWriteStream: processId:6560, streamId:1, streamType:2a4f0f81-6809-4480-87ce-0d772568cfb6, bufferSize:68
2024-11-05 19:44:54.539 -05:00 [VRB] LoggerBase.OnWriteStream: processId:6560, streamId:1, streamType:2a4f0f81-6809-4480-87ce-0d772568cfb6, bufferSize:414
2024-11-05 19:44:54.539 -05:00 [VRB] LoggerBase.OnWriteStream: processId:6560, streamId:1, streamType:2a4f0f81-6809-4480-87ce-0d772568cfb6, bufferSize:144
2024-11-05 19:44:54.539 -05:00 [VRB] LoggerBase.OnWriteStream: processId:6560, streamId:1, streamType:2a4f0f81-6809-4480-87ce-0d772568cfb6, bufferSize:86
2024-11-05 19:44:54.539 -05:00 [VRB] LoggerBase.OnWriteStream: processId:6560, streamId:1, streamType:2a4f0f81-6809-4480-87ce-0d772568cfb6, bufferSize:124
2024-11-05 19:44:54.539 -05:00 [VRB] LoggerBase.OnWriteStream: processId:6560, streamId:1, streamType:2a4f0f81-6809-4480-87ce-0d772568cfb6, bufferSize:624
2024-11-05 19:44:54.539 -05:00 [VRB] LoggerBase.OnWriteStream: processId:6560, streamId:1, streamType:2a4f0f81-6809-4480-87ce-0d772568cfb6, bufferSize:230
2024-11-05 19:44:54.539 -05:00 [VRB] LoggerBase.OnWriteStream: processId:6560, streamId:1, streamType:2a4f0f81-6809-4480-87ce-0d772568cfb6, bufferSize:78
2024-11-05 19:44:54.539 -05:00 [VRB] LoggerBase.OnWriteStream: processId:6560, streamId:1, streamType:2a4f0f81-6809-4480-87ce-0d772568cfb6, bufferSize:62
2024-11-05 19:44:54.539 -05:00 [VRB] LoggerBase.OnWriteStream: processId:6560, streamId:1, streamType:2a4f0f81-6809-4480-87ce-0d772568cfb6, bufferSize:68
2024-11-05 19:44:54.539 -05:00 [VRB] LoggerBase.OnWriteStream: processId:6560, streamId:1, streamType:2a4f0f81-6809-4480-87ce-0d772568cfb6, bufferSize:62
2024-11-05 19:44:54.539 -05:00 [VRB] LoggerBase.OnWriteStream: processId:6560, streamId:1, streamType:2a4f0f81-6809-4480-87ce-0d772568cfb6, bufferSize:74
2024-11-05 19:44:54.539 -05:00 [VRB] LoggerBase.OnWriteStream: processId:6560, streamId:1, streamType:2a4f0f81-6809-4480-87ce-0d772568cfb6, bufferSize:222
2024-11-05 19:44:54.539 -05:00 [VRB] LoggerBase.OnWriteStream: processId:6560, streamId:1, streamType:2a4f0f81-6809-4480-87ce-0d772568cfb6, bufferSize:222
2024-11-05 19:44:54.539 -05:00 [VRB] LoggerBase.OnWriteStream: processId:6560, streamId:1, streamType:2a4f0f81-6809-4480-87ce-0d772568cfb6, bufferSize:40
2024-11-05 19:44:54.539 -05:00 [VRB] LoggerBase.OnWriteStream: processId:6560, streamId:1, streamType:2a4f0f81-6809-4480-87ce-0d772568cfb6, bufferSize:92
2024-11-05 19:44:54.539 -05:00 [VRB] LoggerBase.OnWriteStream: processId:6560, streamId:1, streamType:2a4f0f81-6809-4480-87ce-0d772568cfb6, bufferSize:34
2024-11-05 19:44:54.539 -05:00 [VRB] LoggerBase.OnWriteStream: processId:6560, streamId:1, streamType:2a4f0f81-6809-4480-87ce-0d772568cfb6, bufferSize:82
2024-11-05 19:44:54.539 -05:00 [VRB] LoggerBase.OnWriteStream: processId:6560, streamId:1, streamType:2a4f0f81-6809-4480-87ce-0d772568cfb6, bufferSize:42
2024-11-05 19:44:54.539 -05:00 [VRB] LoggerBase.OnWriteStream: processId:6560, streamId:1, streamType:2a4f0f81-6809-4480-87ce-0d772568cfb6, bufferSize:42
2024-11-05 19:44:54.539 -05:00 [VRB] LoggerBase.OnWriteStream: processId:6560, streamId:1, streamType:2a4f0f81-6809-4480-87ce-0d772568cfb6, bufferSize:102
2024-11-05 19:44:54.539 -05:00 [VRB] LoggerBase.OnWriteStream: processId:6560, streamId:1, streamType:2a4f0f81-6809-4480-87ce-0d772568cfb6, bufferSize:168
2024-11-05 19:44:54.539 -05:00 [VRB] LoggerBase.OnWriteStream: processId:6560, streamId:1, streamType:2a4f0f81-6809-4480-87ce-0d772568cfb6, bufferSize:100
2024-11-05 19:44:54.539 -05:00 [VRB] LoggerBase.OnWriteStream: processId:6560, streamId:1, streamType:2a4f0f81-6809-4480-87ce-0d772568cfb6, bufferSize:74
2024-11-05 19:44:54.539 -05:00 [VRB] LoggerBase.OnWriteStream: processId:6560, streamId:1, streamType:2a4f0f81-6809-4480-87ce-0d772568cfb6, bufferSize:600
2024-11-05 19:44:54.539 -05:00 [VRB] LoggerBase.OnWriteStream: processId:6560, streamId:1, streamType:2a4f0f81-6809-4480-87ce-0d772568cfb6, bufferSize:222
2024-11-05 19:44:54.539 -05:00 [VRB] LoggerBase.OnWriteStream: processId:6560, streamId:1, streamType:2a4f0f81-6809-4480-87ce-0d772568cfb6, bufferSize:42
2024-11-05 19:44:54.539 -05:00 [VRB] LoggerBase.OnWriteStream: processId:6560, streamId:1, streamType:2a4f0f81-6809-4480-87ce-0d772568cfb6, bufferSize:80
2024-11-05 19:44:54.539 -05:00 [VRB] LoggerBase.OnWriteStream: processId:6560, streamId:1, streamType:2a4f0f81-6809-4480-87ce-0d772568cfb6, bufferSize:190
2024-11-05 19:44:54.539 -05:00 [VRB] LoggerBase.OnWriteStream: processId:6560, streamId:1, streamType:2a4f0f81-6809-4480-87ce-0d772568cfb6, bufferSize:70
2024-11-05 19:44:54.539 -05:00 [VRB] LoggerBase.OnWriteStream: processId:6560, streamId:1, streamType:2a4f0f81-6809-4480-87ce-0d772568cfb6, bufferSize:36
2024-11-05 19:44:54.539 -05:00 [VRB] LoggerBase.OnWriteStream: processId:6560, streamId:1, streamType:2a4f0f81-6809-4480-87ce-0d772568cfb6, bufferSize:82
2024-11-05 19:44:54.552 -05:00 [VRB] LoggerBase.OnWriteStream: processId:6560, streamId:1, streamType:2a4f0f81-6809-4480-87ce-0d772568cfb6, bufferSize:142
2024-11-05 19:44:54.552 -05:00 [VRB] LoggerBase.OnWriteStream: processId:6560, streamId:1, streamType:2a4f0f81-6809-4480-87ce-0d772568cfb6, bufferSize:198
2024-11-05 19:44:54.552 -05:00 [VRB] LoggerBase.OnWriteStream: processId:6560, streamId:1, streamType:2a4f0f81-6809-4480-87ce-0d772568cfb6, bufferSize:38
2024-11-05 19:44:54.552 -05:00 [VRB] LoggerBase.OnWriteStream: processId:6560, streamId:1, streamType:2a4f0f81-6809-4480-87ce-0d772568cfb6, bufferSize:308
2024-11-05 19:44:54.552 -05:00 [VRB] LoggerBase.OnWriteStream: processId:6560, streamId:1, streamType:2a4f0f81-6809-4480-87ce-0d772568cfb6, bufferSize:72
2024-11-05 19:44:54.552 -05:00 [VRB] LoggerBase.OnWriteStream: processId:6560, streamId:1, streamType:2a4f0f81-6809-4480-87ce-0d772568cfb6, bufferSize:152
2024-11-05 19:44:54.552 -05:00 [VRB] LoggerBase.OnWriteStream: processId:6560, streamId:1, streamType:2a4f0f81-6809-4480-87ce-0d772568cfb6, bufferSize:82
2024-11-05 19:44:54.552 -05:00 [VRB] LoggerBase.OnWriteStream: processId:6560, streamId:1, streamType:2a4f0f81-6809-4480-87ce-0d772568cfb6, bufferSize:54
2024-11-05 19:44:54.552 -05:00 [VRB] LoggerBase.OnWriteStream: processId:6560, streamId:1, streamType:2a4f0f81-6809-4480-87ce-0d772568cfb6, bufferSize:54
2024-11-05 19:44:54.552 -05:00 [VRB] LoggerBase.OnWriteStream: processId:6560, streamId:1, streamType:2a4f0f81-6809-4480-87ce-0d772568cfb6, bufferSize:54
2024-11-05 19:44:54.552 -05:00 [VRB] LoggerBase.OnWriteStream: processId:6560, streamId:1, streamType:2a4f0f81-6809-4480-87ce-0d772568cfb6, bufferSize:52
2024-11-05 19:44:54.552 -05:00 [VRB] LoggerBase.OnWriteStream: processId:6560, streamId:1, streamType:2a4f0f81-6809-4480-87ce-0d772568cfb6, bufferSize:132
2024-11-05 19:44:54.552 -05:00 [VRB] LoggerBase.OnWriteStream: processId:6560, streamId:1, streamType:2a4f0f81-6809-4480-87ce-0d772568cfb6, bufferSize:98
2024-11-05 19:44:54.552 -05:00 [VRB] LoggerBase.OnWriteStream: processId:6560, streamId:1, streamType:2a4f0f81-6809-4480-87ce-0d772568cfb6, bufferSize:140
2024-11-05 19:44:54.552 -05:00 [VRB] LoggerBase.OnWriteStream: processId:6560, streamId:1, streamType:2a4f0f81-6809-4480-87ce-0d772568cfb6, bufferSize:50
2024-11-05 19:44:54.552 -05:00 [VRB] LoggerBase.OnWriteStream: processId:6560, streamId:1, streamType:2a4f0f81-6809-4480-87ce-0d772568cfb6, bufferSize:290
2024-11-05 19:44:54.552 -05:00 [VRB] LoggerBase.OnWriteStream: processId:6560, streamId:1, streamType:2a4f0f81-6809-4480-87ce-0d772568cfb6, bufferSize:52
2024-11-05 19:44:54.552 -05:00 [VRB] LoggerBase.OnWriteStream: processId:6560, streamId:1, streamType:2a4f0f81-6809-4480-87ce-0d772568cfb6, bufferSize:94
2024-11-05 19:44:54.552 -05:00 [VRB] LoggerBase.OnWriteStream: processId:6560, streamId:1, streamType:2a4f0f81-6809-4480-87ce-0d772568cfb6, bufferSize:68
2024-11-05 19:44:54.552 -05:00 [VRB] LoggerBase.OnWriteStream: processId:6560, streamId:1, streamType:2a4f0f81-6809-4480-87ce-0d772568cfb6, bufferSize:58
2024-11-05 19:44:54.552 -05:00 [VRB] LoggerBase.OnWriteStream: processId:6560, streamId:1, streamType:2a4f0f81-6809-4480-87ce-0d772568cfb6, bufferSize:58
2024-11-05 19:44:54.552 -05:00 [VRB] LoggerBase.OnWriteStream: processId:6560, streamId:1, streamType:2a4f0f81-6809-4480-87ce-0d772568cfb6, bufferSize:58
2024-11-05 19:44:54.552 -05:00 [VRB] LoggerBase.OnWriteStream: processId:6560, streamId:1, streamType:2a4f0f81-6809-4480-87ce-0d772568cfb6, bufferSize:256
2024-11-05 19:44:54.552 -05:00 [VRB] LoggerBase.OnWriteStream: processId:6560, streamId:1, streamType:2a4f0f81-6809-4480-87ce-0d772568cfb6, bufferSize:60
2024-11-05 19:44:54.552 -05:00 [VRB] LoggerBase.OnWriteStream: processId:6560, streamId:1, streamType:2a4f0f81-6809-4480-87ce-0d772568cfb6, bufferSize:682
2024-11-05 19:44:54.552 -05:00 [VRB] LoggerBase.OnWriteStream: processId:6560, streamId:1, streamType:2a4f0f81-6809-4480-87ce-0d772568cfb6, bufferSize:52
2024-11-05 19:44:54.552 -05:00 [VRB] LoggerBase.OnWriteStream: processId:6560, streamId:1, streamType:2a4f0f81-6809-4480-87ce-0d772568cfb6, bufferSize:48
2024-11-05 19:44:54.552 -05:00 [VRB] LoggerBase.OnWriteStream: processId:6560, streamId:1, streamType:2a4f0f81-6809-4480-87ce-0d772568cfb6, bufferSize:44
2024-11-05 19:44:54.552 -05:00 [VRB] LoggerBase.OnWriteStream: processId:6560, streamId:1, streamType:2a4f0f81-6809-4480-87ce-0d772568cfb6, bufferSize:82
2024-11-05 19:44:54.552 -05:00 [VRB] LoggerBase.OnWriteStream: processId:6560, streamId:1, streamType:2a4f0f81-6809-4480-87ce-0d772568cfb6, bufferSize:78
2024-11-05 19:44:54.552 -05:00 [VRB] LoggerBase.OnWriteStream: processId:6560, streamId:1, streamType:2a4f0f81-6809-4480-87ce-0d772568cfb6, bufferSize:98
2024-11-05 19:44:54.552 -05:00 [VRB] LoggerBase.OnWriteStream: processId:6560, streamId:1, streamType:2a4f0f81-6809-4480-87ce-0d772568cfb6, bufferSize:92
2024-11-05 19:44:54.552 -05:00 [VRB] LoggerBase.OnWriteStream: processId:6560, streamId:1, streamType:2a4f0f81-6809-4480-87ce-0d772568cfb6, bufferSize:48
2024-11-05 19:44:54.552 -05:00 [VRB] LoggerBase.OnWriteStream: processId:6560, streamId:1, streamType:2a4f0f81-6809-4480-87ce-0d772568cfb6, bufferSize:110
2024-11-05 19:44:54.552 -05:00 [VRB] LoggerBase.OnWriteStream: processId:6560, streamId:1, streamType:2a4f0f81-6809-4480-87ce-0d772568cfb6, bufferSize:84
2024-11-05 19:44:54.552 -05:00 [VRB] LoggerBase.OnWriteStream: processId:6560, streamId:1, streamType:2a4f0f81-6809-4480-87ce-0d772568cfb6, bufferSize:178
2024-11-05 19:44:54.558 -05:00 [VRB] LoggerBase.OnWriteStream: processId:6560, streamId:1, streamType:2a4f0f81-6809-4480-87ce-0d772568cfb6, bufferSize:150
2024-11-05 19:44:54.558 -05:00 [VRB] LoggerBase.OnWriteStream: processId:6560, streamId:1, streamType:2a4f0f81-6809-4480-87ce-0d772568cfb6, bufferSize:258
2024-11-05 19:44:54.558 -05:00 [VRB] LoggerBase.OnWriteStream: processId:6560, streamId:1, streamType:2a4f0f81-6809-4480-87ce-0d772568cfb6, bufferSize:168
2024-11-05 19:44:54.558 -05:00 [VRB] LoggerBase.OnWriteStream: processId:6560, streamId:1, streamType:2a4f0f81-6809-4480-87ce-0d772568cfb6, bufferSize:84
2024-11-05 19:44:54.558 -05:00 [VRB] LoggerBase.OnWriteStream: processId:6560, streamId:1, streamType:2a4f0f81-6809-4480-87ce-0d772568cfb6, bufferSize:118
2024-11-05 19:44:54.558 -05:00 [VRB] LoggerBase.OnWriteStream: processId:6560, streamId:1, streamType:2a4f0f81-6809-4480-87ce-0d772568cfb6, bufferSize:90
2024-11-05 19:44:54.558 -05:00 [VRB] LoggerBase.OnWriteStream: processId:6560, streamId:1, streamType:2a4f0f81-6809-4480-87ce-0d772568cfb6, bufferSize:90
2024-11-05 19:44:54.558 -05:00 [VRB] LoggerBase.OnWriteStream: processId:6560, streamId:1, streamType:2a4f0f81-6809-4480-87ce-0d772568cfb6, bufferSize:164
2024-11-05 19:44:54.558 -05:00 [VRB] LoggerBase.OnWriteStream: processId:6560, streamId:1, streamType:2a4f0f81-6809-4480-87ce-0d772568cfb6, bufferSize:104
2024-11-05 19:44:54.558 -05:00 [VRB] LoggerBase.OnWriteStream: processId:6560, streamId:1, streamType:2a4f0f81-6809-4480-87ce-0d772568cfb6, bufferSize:40
2024-11-05 19:44:54.558 -05:00 [VRB] LoggerBase.OnWriteStream: processId:6560, streamId:1, streamType:2a4f0f81-6809-4480-87ce-0d772568cfb6, bufferSize:64
2024-11-05 19:44:54.558 -05:00 [VRB] LoggerBase.OnWriteStream: processId:6560, streamId:1, streamType:2a4f0f81-6809-4480-87ce-0d772568cfb6, bufferSize:66
2024-11-05 19:44:54.558 -05:00 [VRB] LoggerBase.OnWriteStream: processId:6560, streamId:1, streamType:2a4f0f81-6809-4480-87ce-0d772568cfb6, bufferSize:92
2024-11-05 19:44:54.558 -05:00 [VRB] LoggerBase.OnWriteStream: processId:6560, streamId:1, streamType:2a4f0f81-6809-4480-87ce-0d772568cfb6, bufferSize:394
2024-11-05 19:44:54.558 -05:00 [VRB] LoggerBase.OnWriteStream: processId:6560, streamId:1, streamType:2a4f0f81-6809-4480-87ce-0d772568cfb6, bufferSize:126
2024-11-05 19:44:54.558 -05:00 [VRB] LoggerBase.OnWriteStream: processId:6560, streamId:1, streamType:2a4f0f81-6809-4480-87ce-0d772568cfb6, bufferSize:228
2024-11-05 19:44:54.558 -05:00 [VRB] LoggerBase.OnWriteStream: processId:6560, streamId:1, streamType:2a4f0f81-6809-4480-87ce-0d772568cfb6, bufferSize:126
2024-11-05 19:44:54.558 -05:00 [VRB] LoggerBase.OnWriteStream: processId:6560, streamId:1, streamType:2a4f0f81-6809-4480-87ce-0d772568cfb6, bufferSize:422
2024-11-05 19:44:54.558 -05:00 [VRB] LoggerBase.OnWriteStream: processId:6560, streamId:1, streamType:2a4f0f81-6809-4480-87ce-0d772568cfb6, bufferSize:98
2024-11-05 19:44:54.558 -05:00 [VRB] LoggerBase.OnWriteStream: processId:6560, streamId:1, streamType:2a4f0f81-6809-4480-87ce-0d772568cfb6, bufferSize:68
2024-11-05 19:44:54.558 -05:00 [VRB] LoggerBase.OnWriteStream: processId:6560, streamId:1, streamType:2a4f0f81-6809-4480-87ce-0d772568cfb6, bufferSize:98
2024-11-05 19:44:54.558 -05:00 [VRB] LoggerBase.OnWriteStream: processId:6560, streamId:1, streamType:2a4f0f81-6809-4480-87ce-0d772568cfb6, bufferSize:68
2024-11-05 19:44:54.558 -05:00 [VRB] LoggerBase.OnWriteStream: processId:6560, streamId:1, streamType:2a4f0f81-6809-4480-87ce-0d772568cfb6, bufferSize:114
2024-11-05 19:44:54.558 -05:00 [VRB] LoggerBase.OnWriteStream: processId:6560, streamId:1, streamType:2a4f0f81-6809-4480-87ce-0d772568cfb6, bufferSize:60
2024-11-05 19:44:54.558 -05:00 [VRB] LoggerBase.OnWriteStream: processId:6560, streamId:1, streamType:2a4f0f81-6809-4480-87ce-0d772568cfb6, bufferSize:84
2024-11-05 19:44:54.558 -05:00 [VRB] LoggerBase.OnWriteStream: processId:6560, streamId:1, streamType:2a4f0f81-6809-4480-87ce-0d772568cfb6, bufferSize:38
2024-11-05 19:44:54.558 -05:00 [VRB] LoggerBase.OnWriteStream: processId:6560, streamId:1, streamType:2a4f0f81-6809-4480-87ce-0d772568cfb6, bufferSize:190
2024-11-05 19:44:54.558 -05:00 [VRB] LoggerBase.OnWriteStream: processId:6560, streamId:1, streamType:2a4f0f81-6809-4480-87ce-0d772568cfb6, bufferSize:240
2024-11-05 19:44:54.558 -05:00 [VRB] LoggerBase.OnWriteStream: processId:6560, streamId:1, streamType:2a4f0f81-6809-4480-87ce-0d772568cfb6, bufferSize:96
2024-11-05 19:44:54.558 -05:00 [VRB] LoggerBase.OnWriteStream: processId:6560, streamId:1, streamType:2a4f0f81-6809-4480-87ce-0d772568cfb6, bufferSize:96
2024-11-05 19:44:54.558 -05:00 [VRB] LoggerBase.OnWriteStream: processId:6560, streamId:1, streamType:2a4f0f81-6809-4480-87ce-0d772568cfb6, bufferSize:530
2024-11-05 19:44:54.558 -05:00 [VRB] LoggerBase.OnWriteStream: processId:6560, streamId:1, streamType:2a4f0f81-6809-4480-87ce-0d772568cfb6, bufferSize:116
2024-11-05 19:44:54.558 -05:00 [VRB] LoggerBase.OnWriteStream: processId:6560, streamId:1, streamType:2a4f0f81-6809-4480-87ce-0d772568cfb6, bufferSize:134
2024-11-05 19:44:54.558 -05:00 [VRB] LoggerBase.OnWriteStream: processId:6560, streamId:1, streamType:2a4f0f81-6809-4480-87ce-0d772568cfb6, bufferSize:54
2024-11-05 19:44:54.558 -05:00 [VRB] LoggerBase.OnWriteStream: processId:6560, streamId:1, streamType:2a4f0f81-6809-4480-87ce-0d772568cfb6, bufferSize:460
2024-11-05 19:44:54.558 -05:00 [VRB] LoggerBase.OnWriteStream: processId:6560, streamId:1, streamType:2a4f0f81-6809-4480-87ce-0d772568cfb6, bufferSize:38
2024-11-05 19:44:54.558 -05:00 [VRB] LoggerBase.OnWriteStream: processId:6560, streamId:1, streamType:2a4f0f81-6809-4480-87ce-0d772568cfb6, bufferSize:132
2024-11-05 19:44:54.558 -05:00 [VRB] LoggerBase.OnWriteStream: processId:6560, streamId:1, streamType:2a4f0f81-6809-4480-87ce-0d772568cfb6, bufferSize:142
2024-11-05 19:44:54.558 -05:00 [VRB] LoggerBase.OnWriteStream: processId:6560, streamId:1, streamType:2a4f0f81-6809-4480-87ce-0d772568cfb6, bufferSize:160
2024-11-05 19:44:54.558 -05:00 [VRB] LoggerBase.OnWriteStream: processId:6560, streamId:1, streamType:2a4f0f81-6809-4480-87ce-0d772568cfb6, bufferSize:62
2024-11-05 19:44:54.558 -05:00 [VRB] LoggerBase.OnWriteStream: processId:6560, streamId:1, streamType:2a4f0f81-6809-4480-87ce-0d772568cfb6, bufferSize:78
2024-11-05 19:44:54.558 -05:00 [VRB] LoggerBase.OnWriteStream: processId:6560, streamId:1, streamType:2a4f0f81-6809-4480-87ce-0d772568cfb6, bufferSize:96
2024-11-05 19:44:54.563 -05:00 [VRB] LoggerBase.OnWriteStream: processId:6560, streamId:1, streamType:2a4f0f81-6809-4480-87ce-0d772568cfb6, bufferSize:310
2024-11-05 19:44:54.563 -05:00 [VRB] LoggerBase.OnWriteStream: processId:6560, streamId:1, streamType:2a4f0f81-6809-4480-87ce-0d772568cfb6, bufferSize:174
2024-11-05 19:44:54.563 -05:00 [VRB] LoggerBase.OnWriteStream: processId:6560, streamId:1, streamType:2a4f0f81-6809-4480-87ce-0d772568cfb6, bufferSize:60
2024-11-05 19:44:54.563 -05:00 [VRB] LoggerBase.OnWriteStream: processId:6560, streamId:1, streamType:2a4f0f81-6809-4480-87ce-0d772568cfb6, bufferSize:588
2024-11-05 19:44:54.563 -05:00 [VRB] LoggerBase.OnWriteStream: processId:6560, streamId:1, streamType:2a4f0f81-6809-4480-87ce-0d772568cfb6, bufferSize:62
2024-11-05 19:44:54.565 -05:00 [VRB] LoggerBase.OnWriteStream: processId:6560, streamId:1, streamType:2a4f0f81-6809-4480-87ce-0d772568cfb6, bufferSize:842
2024-11-05 19:44:54.565 -05:00 [VRB] LoggerBase.OnWriteStream: processId:6560, streamId:1, streamType:2a4f0f81-6809-4480-87ce-0d772568cfb6, bufferSize:44
2024-11-05 19:44:54.565 -05:00 [VRB] LoggerBase.OnWriteStream: processId:6560, streamId:1, streamType:2a4f0f81-6809-4480-87ce-0d772568cfb6, bufferSize:92
2024-11-05 19:44:54.565 -05:00 [VRB] LoggerBase.OnWriteStream: processId:6560, streamId:1, streamType:2a4f0f81-6809-4480-87ce-0d772568cfb6, bufferSize:92
2024-11-05 19:44:54.565 -05:00 [VRB] LoggerBase.OnWriteStream: processId:6560, streamId:1, streamType:2a4f0f81-6809-4480-87ce-0d772568cfb6, bufferSize:68
2024-11-05 19:44:54.565 -05:00 [VRB] LoggerBase.OnWriteStream: processId:6560, streamId:1, streamType:2a4f0f81-6809-4480-87ce-0d772568cfb6, bufferSize:92
2024-11-05 19:44:54.565 -05:00 [VRB] LoggerBase.OnWriteStream: processId:6560, streamId:1, streamType:2a4f0f81-6809-4480-87ce-0d772568cfb6, bufferSize:40
2024-11-05 19:44:54.565 -05:00 [VRB] LoggerBase.OnWriteStream: processId:6560, streamId:1, streamType:2a4f0f81-6809-4480-87ce-0d772568cfb6, bufferSize:398
2024-11-05 19:44:54.565 -05:00 [VRB] LoggerBase.OnWriteStream: processId:6560, streamId:1, streamType:2a4f0f81-6809-4480-87ce-0d772568cfb6, bufferSize:478
2024-11-05 19:44:54.565 -05:00 [VRB] LoggerBase.OnWriteStream: processId:6560, streamId:1, streamType:2a4f0f81-6809-4480-87ce-0d772568cfb6, bufferSize:54
2024-11-05 19:44:54.565 -05:00 [VRB] LoggerBase.OnWriteStream: processId:6560, streamId:1, streamType:2a4f0f81-6809-4480-87ce-0d772568cfb6, bufferSize:82
2024-11-05 19:44:54.565 -05:00 [VRB] LoggerBase.OnWriteStream: processId:6560, streamId:1, streamType:2a4f0f81-6809-4480-87ce-0d772568cfb6, bufferSize:62
2024-11-05 19:44:54.565 -05:00 [VRB] LoggerBase.OnWriteStream: processId:6560, streamId:1, streamType:2a4f0f81-6809-4480-87ce-0d772568cfb6, bufferSize:62
2024-11-05 19:44:54.565 -05:00 [VRB] LoggerBase.OnWriteStream: processId:6560, streamId:1, streamType:2a4f0f81-6809-4480-87ce-0d772568cfb6, bufferSize:234
2024-11-05 19:44:54.565 -05:00 [VRB] LoggerBase.OnWriteStream: processId:6560, streamId:1, streamType:2a4f0f81-6809-4480-87ce-0d772568cfb6, bufferSize:108
2024-11-05 19:44:54.565 -05:00 [VRB] LoggerBase.OnWriteStream: processId:6560, streamId:1, streamType:2a4f0f81-6809-4480-87ce-0d772568cfb6, bufferSize:108
2024-11-05 19:44:54.565 -05:00 [VRB] LoggerBase.OnWriteStream: processId:6560, streamId:1, streamType:2a4f0f81-6809-4480-87ce-0d772568cfb6, bufferSize:102
2024-11-05 19:44:54.565 -05:00 [VRB] LoggerBase.OnWriteStream: processId:6560, streamId:1, streamType:2a4f0f81-6809-4480-87ce-0d772568cfb6, bufferSize:118
2024-11-05 19:44:54.565 -05:00 [VRB] LoggerBase.OnWriteStream: processId:6560, streamId:1, streamType:2a4f0f81-6809-4480-87ce-0d772568cfb6, bufferSize:74
2024-11-05 19:44:54.565 -05:00 [VRB] LoggerBase.OnWriteStream: processId:6560, streamId:1, streamType:2a4f0f81-6809-4480-87ce-0d772568cfb6, bufferSize:188
2024-11-05 19:44:54.568 -05:00 [VRB] LoggerBase.OnWriteStream: processId:6560, streamId:1, streamType:2a4f0f81-6809-4480-87ce-0d772568cfb6, bufferSize:286
2024-11-05 19:44:54.568 -05:00 [VRB] LoggerBase.OnWriteStream: processId:6560, streamId:1, streamType:2a4f0f81-6809-4480-87ce-0d772568cfb6, bufferSize:222
2024-11-05 19:44:54.568 -05:00 [VRB] LoggerBase.OnWriteStream: processId:6560, streamId:1, streamType:2a4f0f81-6809-4480-87ce-0d772568cfb6, bufferSize:190
2024-11-05 19:44:54.568 -05:00 [VRB] LoggerBase.OnWriteStream: processId:6560, streamId:1, streamType:2a4f0f81-6809-4480-87ce-0d772568cfb6, bufferSize:102
2024-11-05 19:44:54.568 -05:00 [VRB] LoggerBase.OnWriteStream: processId:6560, streamId:1, streamType:2a4f0f81-6809-4480-87ce-0d772568cfb6, bufferSize:40
2024-11-05 19:44:54.568 -05:00 [VRB] LoggerBase.OnWriteStream: processId:6560, streamId:1, streamType:2a4f0f81-6809-4480-87ce-0d772568cfb6, bufferSize:54
2024-11-05 19:44:54.568 -05:00 [VRB] LoggerBase.OnWriteStream: processId:6560, streamId:1, streamType:2a4f0f81-6809-4480-87ce-0d772568cfb6, bufferSize:240
2024-11-05 19:44:54.568 -05:00 [VRB] LoggerBase.OnWriteStream: processId:6560, streamId:1, streamType:2a4f0f81-6809-4480-87ce-0d772568cfb6, bufferSize:60
2024-11-05 19:44:54.568 -05:00 [VRB] LoggerBase.OnWriteStream: processId:6560, streamId:1, streamType:2a4f0f81-6809-4480-87ce-0d772568cfb6, bufferSize:314
2024-11-05 19:44:54.568 -05:00 [VRB] LoggerBase.OnWriteStream: processId:6560, streamId:1, streamType:2a4f0f81-6809-4480-87ce-0d772568cfb6, bufferSize:42
2024-11-05 19:44:54.568 -05:00 [VRB] LoggerBase.OnWriteStream: processId:6560, streamId:1, streamType:2a4f0f81-6809-4480-87ce-0d772568cfb6, bufferSize:62
2024-11-05 19:44:54.568 -05:00 [VRB] LoggerBase.OnWriteStream: processId:6560, streamId:1, streamType:2a4f0f81-6809-4480-87ce-0d772568cfb6, bufferSize:66
2024-11-05 19:44:54.568 -05:00 [VRB] LoggerBase.OnWriteStream: processId:6560, streamId:1, streamType:2a4f0f81-6809-4480-87ce-0d772568cfb6, bufferSize:52
2024-11-05 19:44:54.568 -05:00 [VRB] LoggerBase.OnWriteStream: processId:6560, streamId:1, streamType:2a4f0f81-6809-4480-87ce-0d772568cfb6, bufferSize:52
2024-11-05 19:44:54.568 -05:00 [VRB] LoggerBase.OnWriteStream: processId:6560, streamId:1, streamType:2a4f0f81-6809-4480-87ce-0d772568cfb6, bufferSize:60
2024-11-05 19:44:54.568 -05:00 [VRB] LoggerBase.OnWriteStream: processId:6560, streamId:1, streamType:2a4f0f81-6809-4480-87ce-0d772568cfb6, bufferSize:72
2024-11-05 19:44:54.568 -05:00 [VRB] LoggerBase.OnWriteStream: processId:6560, streamId:1, streamType:2a4f0f81-6809-4480-87ce-0d772568cfb6, bufferSize:118
2024-11-05 19:44:54.568 -05:00 [VRB] LoggerBase.OnWriteStream: processId:6560, streamId:1, streamType:2a4f0f81-6809-4480-87ce-0d772568cfb6, bufferSize:158
2024-11-05 19:44:54.568 -05:00 [VRB] LoggerBase.OnWriteStream: processId:6560, streamId:1, streamType:2a4f0f81-6809-4480-87ce-0d772568cfb6, bufferSize:62
2024-11-05 19:44:54.568 -05:00 [VRB] LoggerBase.OnWriteStream: processId:6560, streamId:1, streamType:2a4f0f81-6809-4480-87ce-0d772568cfb6, bufferSize:222
2024-11-05 19:44:54.568 -05:00 [VRB] LoggerBase.OnWriteStream: processId:6560, streamId:1, streamType:2a4f0f81-6809-4480-87ce-0d772568cfb6, bufferSize:124
2024-11-05 19:44:54.568 -05:00 [VRB] LoggerBase.OnWriteStream: processId:6560, streamId:1, streamType:2a4f0f81-6809-4480-87ce-0d772568cfb6, bufferSize:456
2024-11-05 19:44:54.568 -05:00 [VRB] LoggerBase.OnWriteStream: processId:6560, streamId:1, streamType:2a4f0f81-6809-4480-87ce-0d772568cfb6, bufferSize:42
2024-11-05 19:44:54.568 -05:00 [VRB] LoggerBase.OnWriteStream: processId:6560, streamId:1, streamType:2a4f0f81-6809-4480-87ce-0d772568cfb6, bufferSize:114
2024-11-05 19:44:54.568 -05:00 [VRB] LoggerBase.OnWriteStream: processId:6560, streamId:1, streamType:2a4f0f81-6809-4480-87ce-0d772568cfb6, bufferSize:60
2024-11-05 19:44:54.568 -05:00 [VRB] LoggerBase.OnWriteStream: processId:6560, streamId:1, streamType:2a4f0f81-6809-4480-87ce-0d772568cfb6, bufferSize:58
2024-11-05 19:44:54.568 -05:00 [VRB] LoggerBase.OnWriteStream: processId:6560, streamId:1, streamType:2a4f0f81-6809-4480-87ce-0d772568cfb6, bufferSize:38
2024-11-05 19:44:54.568 -05:00 [VRB] LoggerBase.OnWriteStream: processId:6560, streamId:1, streamType:2a4f0f81-6809-4480-87ce-0d772568cfb6, bufferSize:102
2024-11-05 19:44:54.568 -05:00 [VRB] LoggerBase.OnWriteStream: processId:6560, streamId:1, streamType:2a4f0f81-6809-4480-87ce-0d772568cfb6, bufferSize:258
2024-11-05 19:44:54.568 -05:00 [VRB] LoggerBase.OnWriteStream: processId:6560, streamId:1, streamType:2a4f0f81-6809-4480-87ce-0d772568cfb6, bufferSize:96
2024-11-05 19:44:54.568 -05:00 [VRB] LoggerBase.OnWriteStream: processId:6560, streamId:1, streamType:2a4f0f81-6809-4480-87ce-0d772568cfb6, bufferSize:66
2024-11-05 19:44:54.568 -05:00 [VRB] LoggerBase.OnWriteStream: processId:6560, streamId:1, streamType:2a4f0f81-6809-4480-87ce-0d772568cfb6, bufferSize:102
2024-11-05 19:44:54.568 -05:00 [VRB] LoggerBase.OnWriteStream: processId:6560, streamId:1, streamType:2a4f0f81-6809-4480-87ce-0d772568cfb6, bufferSize:64
2024-11-05 19:44:54.568 -05:00 [VRB] LoggerBase.OnWriteStream: processId:6560, streamId:1, streamType:2a4f0f81-6809-4480-87ce-0d772568cfb6, bufferSize:106
2024-11-05 19:44:54.568 -05:00 [VRB] LoggerBase.OnWriteStream: processId:6560, streamId:1, streamType:2a4f0f81-6809-4480-87ce-0d772568cfb6, bufferSize:42
2024-11-05 19:44:54.568 -05:00 [VRB] LoggerBase.OnWriteStream: processId:6560, streamId:1, streamType:2a4f0f81-6809-4480-87ce-0d772568cfb6, bufferSize:136
2024-11-05 19:44:54.568 -05:00 [VRB] LoggerBase.OnWriteStream: processId:6560, streamId:1, streamType:2a4f0f81-6809-4480-87ce-0d772568cfb6, bufferSize:136
2024-11-05 19:44:54.568 -05:00 [VRB] LoggerBase.OnWriteStream: processId:6560, streamId:1, streamType:2a4f0f81-6809-4480-87ce-0d772568cfb6, bufferSize:58
2024-11-05 19:44:54.568 -05:00 [VRB] LoggerBase.OnWriteStream: processId:6560, streamId:1, streamType:2a4f0f81-6809-4480-87ce-0d772568cfb6, bufferSize:452
2024-11-05 19:44:54.568 -05:00 [INF] LoggerBase.OnInstrumentation: path:C:\Users\jason\INF1015_TD_A24\TD4_A24\x64\Debug\ProjetTest.exe, id:b5170f2c-b5bb-4f26-bd6e-07075cf268f9, coverageBufferId:bbff4359-b11e-4f44-a853-07c6658976da, isDynamic:True isManaged:False, isMixed:False, isPortablePdb:False, imageSize: 286720, imageLinkTime:1730853880, numberOfMethodsInstrumented:27, numberOfMethodsSkipped: 183, numberOfMethodsFailed:0, elapsed:59ms
2024-11-05 19:44:54.568 -05:00 [INF] LoggerBase.CreateStream[6560]: k:StreamKey { Id = b5170f2c-b5bb-4f26-bd6e-07075cf268f9, Prefix = unmanaged:\ } type:cb689549-d63e-4a55-b8fa-2a214725cf39 path:C:\Users\jason\INF1015_TD_A24\TD4_A24\x64\Debug\ProjetTest.exe
2024-11-05 19:44:54.568 -05:00 [INF] StaticStreamCreator.CreateStream: Creating SharedMemoryStream. streamId:2, identifier:bbff4359-b11e-4f44-a853-07c6658976da, bufferName:CodeCoverage.2e3a668a-29b1-4d06-bd63-ee4a094bdc2b.bbbff4359-b11e-4f44-a853-07c6658976da, bufferSize:433
2024-11-05 19:44:54.568 -05:00 [INF] ReportGenerator.CreateUnmanagedStream[6560]: (StreamKey { Id = b5170f2c-b5bb-4f26-bd6e-07075cf268f9, Prefix = unmanaged:\ }) created new buffer stream with size: 433
2024-11-05 19:44:54.568 -05:00 [INF] LoggerBase.OnCreateStream: processId:6560, streamId:2, streamType:cb689549-d63e-4a55-b8fa-2a214725cf39, bufferSize:433, bufferHeader:00-00-00-00, bufferName:CodeCoverage.2e3a668a-29b1-4d06-bd63-ee4a094bdc2b.bbbff4359-b11e-4f44-a853-07c6658976da, prefix:unmanaged:\
2024-11-05 19:44:54.568 -05:00 [INF] CoveragePipeClient.SendCreateStreamResponse[6560]: streamId:2, bufferName:CodeCoverage.2e3a668a-29b1-4d06-bd63-ee4a094bdc2b.bbbff4359-b11e-4f44-a853-07c6658976da
2024-11-05 19:44:54.568 -05:00 [INF] LoggerBase.HandleCacheMessage[6560]: started prefix:unmanaged:\C:\Users\jason\INF1015_TD_A24\TD4_A24\x64\Debug\ProjetTest.exe, key:b5170f2c-b5bb-4f26-bd6e-07075cf268f9, buffers count:2
2024-11-05 19:44:54.584 -05:00 [INF] CoveragePipeClient.SendSuccessMessage[6560]
2024-11-05 19:44:54.600 -05:00 [INF] LoggerBase.OnCloseStream: processId:6560, streamId:1, streamSize:34120
2024-11-05 19:44:54.600 -05:00 [VRB] LoggerBase.OnWriteStream: processId:6560, streamId:0, streamType:b157a3a4-9542-4546-859b-abd1367a08ed, bufferSize:68
2024-11-05 19:44:54.600 -05:00 [VRB] LoggerBase.OnWriteStream: processId:6560, streamId:0, streamType:b157a3a4-9542-4546-859b-abd1367a08ed, bufferSize:74
2024-11-05 19:44:54.600 -05:00 [VRB] LoggerBase.OnWriteStream: processId:6560, streamId:0, streamType:b157a3a4-9542-4546-859b-abd1367a08ed, bufferSize:78
2024-11-05 19:44:54.600 -05:00 [VRB] LoggerBase.OnWriteStream: processId:6560, streamId:0, streamType:b157a3a4-9542-4546-859b-abd1367a08ed, bufferSize:76
2024-11-05 19:44:54.600 -05:00 [VRB] LoggerBase.OnWriteStream: processId:6560, streamId:0, streamType:b157a3a4-9542-4546-859b-abd1367a08ed, bufferSize:84
2024-11-05 19:44:54.600 -05:00 [VRB] LoggerBase.OnWriteStream: processId:6560, streamId:0, streamType:b157a3a4-9542-4546-859b-abd1367a08ed, bufferSize:88
2024-11-05 19:44:54.610 -05:00 [VRB] LoggerBase.OnWriteStream: processId:6560, streamId:0, streamType:b157a3a4-9542-4546-859b-abd1367a08ed, bufferSize:76
2024-11-05 19:44:54.610 -05:00 [VRB] LoggerBase.OnWriteStream: processId:6560, streamId:0, streamType:b157a3a4-9542-4546-859b-abd1367a08ed, bufferSize:70
2024-11-05 19:44:54.610 -05:00 [VRB] LoggerBase.OnWriteStream: processId:6560, streamId:0, streamType:b157a3a4-9542-4546-859b-abd1367a08ed, bufferSize:72
2024-11-05 19:44:54.610 -05:00 [VRB] LoggerBase.OnWriteStream: processId:6560, streamId:0, streamType:b157a3a4-9542-4546-859b-abd1367a08ed, bufferSize:74
2024-11-05 19:44:54.610 -05:00 [VRB] LoggerBase.OnWriteStream: processId:6560, streamId:0, streamType:b157a3a4-9542-4546-859b-abd1367a08ed, bufferSize:70
2024-11-05 19:44:54.616 -05:00 [VRB] LoggerBase.OnWriteStream: processId:6560, streamId:0, streamType:b157a3a4-9542-4546-859b-abd1367a08ed, bufferSize:72
2024-11-05 19:44:54.616 -05:00 [VRB] LoggerBase.OnWriteStream: processId:6560, streamId:0, streamType:b157a3a4-9542-4546-859b-abd1367a08ed, bufferSize:68
2024-11-05 19:44:54.616 -05:00 [VRB] LoggerBase.OnWriteStream: processId:6560, streamId:0, streamType:b157a3a4-9542-4546-859b-abd1367a08ed, bufferSize:76
2024-11-05 19:44:54.616 -05:00 [VRB] LoggerBase.OnWriteStream: processId:6560, streamId:0, streamType:b157a3a4-9542-4546-859b-abd1367a08ed, bufferSize:74
2024-11-05 19:44:54.616 -05:00 [VRB] LoggerBase.OnWriteStream: processId:6560, streamId:0, streamType:b157a3a4-9542-4546-859b-abd1367a08ed, bufferSize:68
2024-11-05 19:44:54.616 -05:00 [VRB] LoggerBase.OnWriteStream: processId:6560, streamId:0, streamType:b157a3a4-9542-4546-859b-abd1367a08ed, bufferSize:70
2024-11-05 19:44:54.616 -05:00 [VRB] LoggerBase.OnWriteStream: processId:6560, streamId:0, streamType:b157a3a4-9542-4546-859b-abd1367a08ed, bufferSize:76
2024-11-05 19:44:54.616 -05:00 [VRB] LoggerBase.OnWriteStream: processId:6560, streamId:0, streamType:b157a3a4-9542-4546-859b-abd1367a08ed, bufferSize:70
2024-11-05 19:44:54.616 -05:00 [VRB] LoggerBase.OnWriteStream: processId:6560, streamId:0, streamType:b157a3a4-9542-4546-859b-abd1367a08ed, bufferSize:72
2024-11-05 19:44:54.616 -05:00 [VRB] LoggerBase.OnWriteStream: processId:6560, streamId:0, streamType:b157a3a4-9542-4546-859b-abd1367a08ed, bufferSize:74
2024-11-05 19:44:54.632 -05:00 [VRB] LoggerBase.OnWriteStream: processId:6560, streamId:0, streamType:b157a3a4-9542-4546-859b-abd1367a08ed, bufferSize:72
2024-11-05 19:44:54.632 -05:00 [VRB] LoggerBase.OnWriteStream: processId:6560, streamId:0, streamType:b157a3a4-9542-4546-859b-abd1367a08ed, bufferSize:74
2024-11-05 19:44:54.635 -05:00 [VRB] LoggerBase.OnWriteStream: processId:6560, streamId:0, streamType:b157a3a4-9542-4546-859b-abd1367a08ed, bufferSize:72
2024-11-05 19:44:54.635 -05:00 [VRB] LoggerBase.OnWriteStream: processId:6560, streamId:0, streamType:b157a3a4-9542-4546-859b-abd1367a08ed, bufferSize:68
2024-11-05 19:44:54.635 -05:00 [VRB] LoggerBase.OnWriteStream: processId:6560, streamId:0, streamType:b157a3a4-9542-4546-859b-abd1367a08ed, bufferSize:68
2024-11-05 19:44:54.635 -05:00 [VRB] LoggerBase.OnWriteStream: processId:6560, streamId:0, streamType:b157a3a4-9542-4546-859b-abd1367a08ed, bufferSize:76
2024-11-05 19:44:54.635 -05:00 [VRB] LoggerBase.OnWriteStream: processId:6560, streamId:0, streamType:b157a3a4-9542-4546-859b-abd1367a08ed, bufferSize:90
2024-11-05 19:44:54.635 -05:00 [VRB] LoggerBase.OnWriteStream: processId:6560, streamId:0, streamType:b157a3a4-9542-4546-859b-abd1367a08ed, bufferSize:70
2024-11-05 19:44:54.902 -05:00 [VRB] LoggerBase.OnWriteStream: processId:6560, streamId:0, streamType:b157a3a4-9542-4546-859b-abd1367a08ed, bufferSize:86
2024-11-05 19:44:54.902 -05:00 [VRB] LoggerBase.OnWriteStream: processId:6560, streamId:0, streamType:b157a3a4-9542-4546-859b-abd1367a08ed, bufferSize:130
2024-11-05 19:44:54.929 -05:00 [VRB] CoverageMessagesReader.ReadSkippedModules: path: ntdll.dll, skipReason: no_symbols.
2024-11-05 19:44:54.929 -05:00 [VRB] CoverageMessagesReader.ReadSkippedModules: path: kernel32.dll, skipReason: no_symbols.
2024-11-05 19:44:54.929 -05:00 [VRB] CoverageMessagesReader.ReadSkippedModules: path: kernelbase.dll, skipReason: no_symbols.
2024-11-05 19:44:54.929 -05:00 [VRB] CoverageMessagesReader.ReadSkippedModules: path: msvcp140d.dll, skipReason: path_is_excluded.
2024-11-05 19:44:54.929 -05:00 [VRB] CoverageMessagesReader.ReadSkippedModules: path: vcruntime140d.dll, skipReason: no_symbols.
2024-11-05 19:44:54.929 -05:00 [VRB] CoverageMessagesReader.ReadSkippedModules: path: vcruntime140_1d.dll, skipReason: no_symbols.
2024-11-05 19:44:54.929 -05:00 [VRB] CoverageMessagesReader.ReadSkippedModules: path: ucrtbased.dll, skipReason: no_symbols.
2024-11-05 19:44:54.929 -05:00 [VRB] CoverageMessagesReader.ReadSkippedModules: path: rpcrt4.dll, skipReason: no_symbols.
2024-11-05 19:44:54.929 -05:00 [VRB] CoverageMessagesReader.ReadSkippedModules: path: mscoree.dll, skipReason: path_is_excluded.
2024-11-05 19:44:54.929 -05:00 [VRB] CoverageMessagesReader.ReadSkippedModules: path: advapi32.dll, skipReason: no_symbols.
2024-11-05 19:44:54.929 -05:00 [VRB] CoverageMessagesReader.ReadSkippedModules: path: msvcrt.dll, skipReason: path_is_excluded.
2024-11-05 19:44:54.929 -05:00 [VRB] CoverageMessagesReader.ReadSkippedModules: path: sechost.dll, skipReason: no_symbols.
2024-11-05 19:44:54.929 -05:00 [VRB] CoverageMessagesReader.ReadSkippedModules: path: ole32.dll, skipReason: no_symbols.
2024-11-05 19:44:54.929 -05:00 [VRB] CoverageMessagesReader.ReadSkippedModules: path: msvcp_win.dll, skipReason: path_is_excluded.
2024-11-05 19:44:54.929 -05:00 [VRB] CoverageMessagesReader.ReadSkippedModules: path: ucrtbase.dll, skipReason: no_symbols.
2024-11-05 19:44:54.929 -05:00 [VRB] CoverageMessagesReader.ReadSkippedModules: path: gdi32.dll, skipReason: no_symbols.
2024-11-05 19:44:54.929 -05:00 [VRB] CoverageMessagesReader.ReadSkippedModules: path: win32u.dll, skipReason: no_symbols.
2024-11-05 19:44:54.929 -05:00 [VRB] CoverageMessagesReader.ReadSkippedModules: path: gdi32full.dll, skipReason: no_symbols.
2024-11-05 19:44:54.929 -05:00 [VRB] CoverageMessagesReader.ReadSkippedModules: path: user32.dll, skipReason: no_symbols.
2024-11-05 19:44:54.929 -05:00 [VRB] CoverageMessagesReader.ReadSkippedModules: path: combase.dll, skipReason: no_symbols.
2024-11-05 19:44:54.929 -05:00 [VRB] CoverageMessagesReader.ReadSkippedModules: path: oleaut32.dll, skipReason: no_symbols.
2024-11-05 19:44:54.929 -05:00 [VRB] CoverageMessagesReader.ReadSkippedModules: path: crypt32.dll, skipReason: no_symbols.
2024-11-05 19:44:54.929 -05:00 [VRB] CoverageMessagesReader.ReadSkippedModules: path: powrprof.dll, skipReason: no_symbols.
2024-11-05 19:44:54.929 -05:00 [VRB] CoverageMessagesReader.ReadSkippedModules: path: version.dll, skipReason: no_symbols.
2024-11-05 19:44:54.929 -05:00 [VRB] CoverageMessagesReader.ReadSkippedModules: path: imm32.dll, skipReason: no_symbols.
2024-11-05 19:44:54.929 -05:00 [VRB] CoverageMessagesReader.ReadSkippedModules: path: umpdc.dll, skipReason: no_symbols.
2024-11-05 19:44:54.929 -05:00 [VRB] CoverageMessagesReader.ReadSkippedModules: path: cryptbase.dll, skipReason: path_is_excluded.
2024-11-05 19:44:54.929 -05:00 [VRB] CoverageMessagesReader.ReadSkippedModules: path: bcryptprimitives.dll, skipReason: path_is_excluded.
2024-11-05 19:44:54.929 -05:00 [VRB] CoverageMessagesReader.ReadSkippedModules: path: msxml6.dll, skipReason: no_symbols.
2024-11-05 19:44:54.929 -05:00 [VRB] CoverageMessagesReader.ReadSkippedModules: path: kernel.appcore.dll, skipReason: no_symbols.
2024-11-05 19:44:54.929 -05:00 [VRB] CoverageMessagesReader.ReadSkippedModules: path: mscoreei.dll, skipReason: path_is_excluded.
2024-11-05 19:44:54.933 -05:00 [INF] Process ID 5048 exited.
2024-11-05 19:44:54.933 -05:00 [INF] LoggerBase.OnCloseStream: processId:6560, streamId:0, streamSize:0
2024-11-05 19:44:54.933 -05:00 [VRB] PipeConnection.ReadMessagesAsync: f50a0916-6af8-4dc0-893b-649586be22a8 finished
2024-11-05 19:44:54.933 -05:00 [VRB] PipeConnection.WaitForDisconnection: a8a4142b-b8e9-4f62-880a-08e0e331314f finished
2024-11-05 19:44:54.933 -05:00 [VRB] PipeConnection.WaitForDisconnection: f50a0916-6af8-4dc0-893b-649586be22a8 finished
2024-11-05 19:44:54.933 -05:00 [VRB] PipeConnection.WaitForDisconnection: a0196c3e-061e-4c65-a33b-18b951688327 finished
2024-11-05 19:44:54.933 -05:00 [VRB] PipeConnection.WaitForDisconnection: 52f663ef-524a-46a1-a9f4-ebb6b42e22dd finished
2024-11-05 19:44:54.933 -05:00 [VRB] PipeConnection.WaitForDisconnection: a0f866d3-ac1d-4b54-9b64-b8aa727b1d17 finished
2024-11-05 19:44:54.933 -05:00 [VRB] PipeConnection.WaitForDisconnection: 8c89ea89-f63c-4740-bbd6-06b10814e808 finished
2024-11-05 19:44:54.933 -05:00 [VRB] PipeConnection.WaitForDisconnection: 98a42891-00f6-4a2e-b759-b359dc3fd707 finished
2024-11-05 19:44:54.933 -05:00 [VRB] PipeConnection.Stop: a8a4142b-b8e9-4f62-880a-08e0e331314f finished
2024-11-05 19:44:54.933 -05:00 [VRB] PipeConnection.Stop: f50a0916-6af8-4dc0-893b-649586be22a8 finished
2024-11-05 19:44:54.933 -05:00 [VRB] PipeConnection.Stop: a0196c3e-061e-4c65-a33b-18b951688327 finished
2024-11-05 19:44:54.933 -05:00 [VRB] PipeConnection.Stop: 52f663ef-524a-46a1-a9f4-ebb6b42e22dd finished
2024-11-05 19:44:54.933 -05:00 [VRB] PipeConnection.Stop: a0f866d3-ac1d-4b54-9b64-b8aa727b1d17 finished
2024-11-05 19:44:54.933 -05:00 [VRB] PipeConnection.Stop: 8c89ea89-f63c-4740-bbd6-06b10814e808 finished
2024-11-05 19:44:54.933 -05:00 [VRB] PipeConnection.Stop: 98a42891-00f6-4a2e-b759-b359dc3fd707 finished
2024-11-05 19:44:54.933 -05:00 [VRB] LoggerBase.OnBufferClose: id:bbff4359-b11e-4f44-a853-07c6658976da, 300/433 covered
2024-11-05 19:44:54.967 -05:00 [INF] CoverageFileWriter.WriteAsync: path: couveture2024-11-05_19_44_53.81.coverage, schemaVersion: 1.
2024-11-05 19:44:54.981 -05:00 [INF] CoverageFileWriter.WriteModules: modules.Count: 1.
2024-11-05 19:44:54.981 -05:00 [VRB] CoverageFileWriter.WriteModuleCoverageData: coverageBufferId: bbff4359-b11e-4f44-a853-07c6658976da, coverageBuffer.Length: 433.
2024-11-05 19:44:54.981 -05:00 [INF] CoverageFileWriter.WriteModule: moduleId: 2C-0F-17-B5-BB-B5-26-4F-BD-6E-07-07-5C-F2-68-F9-04-00-00-00, skippedFunctions.Count: 183, functions.Count: 27, sourceFiles.Count: 9, coverageBufferId: bbff4359-b11e-4f44-a853-07c6658976da
2024-11-05 19:44:54.988 -05:00 [INF] CoverageFileWriter.WriteSkippedModuleData: skippedModules.Count: 31
2024-11-05 19:44:54.988 -05:00 [VRB] CoverageMessagesWriter.WriteModulesSkippedStream: skippedModule: mscoreei.dll, skipReason: path_is_excluded.
2024-11-05 19:44:54.990 -05:00 [VRB] CoverageMessagesWriter.WriteModulesSkippedStream: skippedModule: powrprof.dll, skipReason: no_symbols.
2024-11-05 19:44:54.990 -05:00 [VRB] CoverageMessagesWriter.WriteModulesSkippedStream: skippedModule: vcruntime140d.dll, skipReason: no_symbols.
2024-11-05 19:44:54.990 -05:00 [VRB] CoverageMessagesWriter.WriteModulesSkippedStream: skippedModule: msxml6.dll, skipReason: no_symbols.
2024-11-05 19:44:54.990 -05:00 [VRB] CoverageMessagesWriter.WriteModulesSkippedStream: skippedModule: umpdc.dll, skipReason: no_symbols.
2024-11-05 19:44:54.990 -05:00 [VRB] CoverageMessagesWriter.WriteModulesSkippedStream: skippedModule: rpcrt4.dll, skipReason: no_symbols.
2024-11-05 19:44:54.990 -05:00 [VRB] CoverageMessagesWriter.WriteModulesSkippedStream: skippedModule: ole32.dll, skipReason: no_symbols.
2024-11-05 19:44:54.990 -05:00 [VRB] CoverageMessagesWriter.WriteModulesSkippedStream: skippedModule: win32u.dll, skipReason: no_symbols.
2024-11-05 19:44:54.990 -05:00 [VRB] CoverageMessagesWriter.WriteModulesSkippedStream: skippedModule: msvcp_win.dll, skipReason: path_is_excluded.
2024-11-05 19:44:54.990 -05:00 [VRB] CoverageMessagesWriter.WriteModulesSkippedStream: skippedModule: ucrtbase.dll, skipReason: no_symbols.
2024-11-05 19:44:54.990 -05:00 [VRB] CoverageMessagesWriter.WriteModulesSkippedStream: skippedModule: version.dll, skipReason: no_symbols.
2024-11-05 19:44:54.990 -05:00 [VRB] CoverageMessagesWriter.WriteModulesSkippedStream: skippedModule: mscoree.dll, skipReason: path_is_excluded.
2024-11-05 19:44:54.990 -05:00 [VRB] CoverageMessagesWriter.WriteModulesSkippedStream: skippedModule: combase.dll, skipReason: no_symbols.
2024-11-05 19:44:54.990 -05:00 [VRB] CoverageMessagesWriter.WriteModulesSkippedStream: skippedModule: advapi32.dll, skipReason: no_symbols.
2024-11-05 19:44:54.990 -05:00 [VRB] CoverageMessagesWriter.WriteModulesSkippedStream: skippedModule: gdi32.dll, skipReason: no_symbols.
2024-11-05 19:44:54.990 -05:00 [VRB] CoverageMessagesWriter.WriteModulesSkippedStream: skippedModule: msvcp140d.dll, skipReason: path_is_excluded.
2024-11-05 19:44:54.990 -05:00 [VRB] CoverageMessagesWriter.WriteModulesSkippedStream: skippedModule: kernelbase.dll, skipReason: no_symbols.
2024-11-05 19:44:54.990 -05:00 [VRB] CoverageMessagesWriter.WriteModulesSkippedStream: skippedModule: bcryptprimitives.dll, skipReason: path_is_excluded.
2024-11-05 19:44:54.990 -05:00 [VRB] CoverageMessagesWriter.WriteModulesSkippedStream: skippedModule: crypt32.dll, skipReason: no_symbols.
2024-11-05 19:44:54.990 -05:00 [VRB] CoverageMessagesWriter.WriteModulesSkippedStream: skippedModule: imm32.dll, skipReason: no_symbols.
2024-11-05 19:44:54.990 -05:00 [VRB] CoverageMessagesWriter.WriteModulesSkippedStream: skippedModule: gdi32full.dll, skipReason: no_symbols.
2024-11-05 19:44:54.990 -05:00 [VRB] CoverageMessagesWriter.WriteModulesSkippedStream: skippedModule: ntdll.dll, skipReason: no_symbols.
2024-11-05 19:44:54.990 -05:00 [VRB] CoverageMessagesWriter.WriteModulesSkippedStream: skippedModule: user32.dll, skipReason: no_symbols.
2024-11-05 19:44:54.990 -05:00 [VRB] CoverageMessagesWriter.WriteModuleDataStream: sourceFile.Path: C:\Users\jason\INF1015_TD_A24\TD4_A24\Personnage.hpp.
2024-11-05 19:44:54.990 -05:00 [VRB] CoverageMessagesWriter.WriteModulesSkippedStream: skippedModule: oleaut32.dll, skipReason: no_symbols.
2024-11-05 19:44:54.990 -05:00 [VRB] CoverageMessagesWriter.WriteModulesSkippedStream: skippedModule: kernel32.dll, skipReason: no_symbols.
2024-11-05 19:44:54.990 -05:00 [VRB] CoverageMessagesWriter.WriteModulesSkippedStream: skippedModule: ucrtbased.dll, skipReason: no_symbols.
2024-11-05 19:44:54.990 -05:00 [VRB] CoverageMessagesWriter.WriteModulesSkippedStream: skippedModule: kernel.appcore.dll, skipReason: no_symbols.
2024-11-05 19:44:54.990 -05:00 [VRB] CoverageMessagesWriter.WriteModulesSkippedStream: skippedModule: vcruntime140_1d.dll, skipReason: no_symbols.
2024-11-05 19:44:54.990 -05:00 [VRB] CoverageMessagesWriter.WriteModulesSkippedStream: skippedModule: msvcrt.dll, skipReason: path_is_excluded.
2024-11-05 19:44:54.990 -05:00 [VRB] CoverageMessagesWriter.WriteModulesSkippedStream: skippedModule: sechost.dll, skipReason: no_symbols.
2024-11-05 19:44:54.990 -05:00 [VRB] CoverageMessagesWriter.WriteModulesSkippedStream: skippedModule: cryptbase.dll, skipReason: path_is_excluded.
2024-11-05 19:44:54.990 -05:00 [VRB] CoverageMessagesWriter.WriteModuleDataStream: sourceFile.Path: C:\Users\jason\INF1015_TD_A24\TD4_A24\Heros.cpp.
2024-11-05 19:44:54.990 -05:00 [VRB] CoverageMessagesWriter.WriteModuleDataStream: sourceFile.Path: C:\Users\jason\INF1015_TD_A24\TD4_A24\main.cpp.
2024-11-05 19:44:54.990 -05:00 [VRB] CoverageMessagesWriter.WriteModuleDataStream: sourceFile.Path: C:\Users\jason\INF1015_TD_A24\TD4_A24\lectureBinaire.cpp.
2024-11-05 19:44:54.990 -05:00 [VRB] CoverageMessagesWriter.WriteModuleDataStream: sourceFile.Path: C:\Users\jason\INF1015_TD_A24\TD4_A24\VilainHeros.cpp.
2024-11-05 19:44:54.990 -05:00 [VRB] CoverageMessagesWriter.WriteModuleDataStream: sourceFile.Path: C:\Users\jason\INF1015_TD_A24\TD4_A24\Heros.hpp.
2024-11-05 19:44:54.990 -05:00 [VRB] CoverageMessagesWriter.WriteModuleDataStream: sourceFile.Path: C:\Users\jason\INF1015_TD_A24\TD4_A24\Vilain.cpp.
2024-11-05 19:44:54.990 -05:00 [VRB] CoverageMessagesWriter.WriteModuleDataStream: sourceFile.Path: C:\Users\jason\INF1015_TD_A24\TD4_A24\Personnage.cpp.
2024-11-05 19:44:54.990 -05:00 [VRB] CoverageMessagesWriter.WriteModuleDataStream: sourceFile.Path: C:\Users\jason\INF1015_TD_A24\TD4_A24\Vilain.hpp.
2024-11-05 19:44:54.990 -05:00 [VRB] CoverageMessagesWriter.WriteModuleDataStream: function.Name = getJeuParution, blockCount: 3.
2024-11-05 19:44:54.994 -05:00 [VRB] CoverageMessagesWriter.WriteModuleDataStream: function.Name = afficherSupplement, blockCount: 16.
2024-11-05 19:44:54.994 -05:00 [VRB] CoverageMessagesWriter.WriteModuleDataStream: function.Name = main, blockCount: 169.
2024-11-05 19:44:54.994 -05:00 [VRB] CoverageMessagesWriter.WriteModuleDataStream: function.Name = lireString, blockCount: 13.
2024-11-05 19:44:54.994 -05:00 [VRB] CoverageMessagesWriter.WriteModuleDataStream: function.Name = changerCouleur, blockCount: 8.
2024-11-05 19:44:54.994 -05:00 [VRB] CoverageMessagesWriter.WriteModuleDataStream: function.Name = ajouterAllie, blockCount: 3.
2024-11-05 19:44:54.994 -05:00 [VRB] CoverageMessagesWriter.WriteModuleDataStream: function.Name = testsPourCouvertureLectureBinaire, blockCount: 26.
2024-11-05 19:44:54.994 -05:00 [VRB] CoverageMessagesWriter.WriteModuleDataStream: function.Name = afficherSupplement, blockCount: 5.
2024-11-05 19:44:54.994 -05:00 [VRB] CoverageMessagesWriter.WriteModuleDataStream: function.Name = changerCouleur, blockCount: 8.
2024-11-05 19:44:54.994 -05:00 [VRB] CoverageMessagesWriter.WriteModuleDataStream: function.Name = afficher, blockCount: 4.
2024-11-05 19:44:54.994 -05:00 [VRB] CoverageMessagesWriter.WriteModuleDataStream: function.Name = afficherSupplement, blockCount: 7.
2024-11-05 19:44:54.994 -05:00 [VRB] CoverageMessagesWriter.WriteModuleDataStream: function.Name = afficher, blockCount: 5.
2024-11-05 19:44:54.994 -05:00 [VRB] CoverageMessagesWriter.WriteModuleDataStream: function.Name = afficher, blockCount: 8.
2024-11-05 19:44:54.994 -05:00 [VRB] CoverageMessagesWriter.WriteModuleDataStream: function.Name = ~Personnage, blockCount: 4.
2024-11-05 19:44:54.994 -05:00 [VRB] CoverageMessagesWriter.WriteModuleDataStream: function.Name = afficher, blockCount: 4.
2024-11-05 19:44:54.994 -05:00 [VRB] CoverageMessagesWriter.WriteModuleDataStream: function.Name = lireUintTailleVariable, blockCount: 18.
2024-11-05 19:44:54.994 -05:00 [VRB] CoverageMessagesWriter.WriteModuleDataStream: function.Name = lireType<unsigned short>(class std::basic_istream<char,std::char_traits<char> > & const), blockCount: 5.
2024-11-05 19:44:54.994 -05:00 [VRB] CoverageMessagesWriter.WriteModuleDataStream: function.Name = getObjectif, blockCount: 3.
2024-11-05 19:44:54.994 -05:00 [VRB] CoverageMessagesWriter.WriteModuleDataStream: function.Name = changerCouleur, blockCount: 8.
2024-11-05 19:44:54.994 -05:00 [VRB] CoverageMessagesWriter.WriteModuleDataStream: function.Name = VilainHeros, blockCount: 60.
2024-11-05 19:44:54.994 -05:00 [VRB] CoverageMessagesWriter.WriteModuleDataStream: function.Name = ouvrirFichierBinaire, blockCount: 10.
2024-11-05 19:44:54.994 -05:00 [VRB] CoverageMessagesWriter.WriteModuleDataStream: function.Name = Vilain, blockCount: 10.
2024-11-05 19:44:54.994 -05:00 [VRB] CoverageMessagesWriter.WriteModuleDataStream: function.Name = Personnage, blockCount: 8.
2024-11-05 19:44:54.994 -05:00 [VRB] CoverageMessagesWriter.WriteModuleDataStream: function.Name = Heros, blockCount: 15.
2024-11-05 19:44:54.994 -05:00 [VRB] CoverageMessagesWriter.WriteModuleDataStream: function.Name = getNom, blockCount: 3.
2024-11-05 19:44:54.994 -05:00 [VRB] CoverageMessagesWriter.WriteModuleDataStream: function.Name = lireType<unsigned char>(class std::basic_istream<char,std::char_traits<char> > & const), blockCount: 5.
2024-11-05 19:44:54.994 -05:00 [VRB] CoverageMessagesWriter.WriteModuleDataStream: function.Name = lireType<unsigned int>(class std::basic_istream<char,std::char_traits<char> > & const), blockCount: 5.
2024-11-05 19:44:54.994 -05:00 [VRB] CoverageMessagesWriter.WriteModuleDataStream: skippedFunction.Name: enlever_des_blocs_alloues(void *, bool).
2024-11-05 19:44:54.994 -05:00 [VRB] CoverageMessagesWriter.WriteModuleDataStream: skippedFunction.Name: operator()(const char *, const char *, struct _iobuf *, unsigned long, class std::basic_ios<char,std::char_traits<char> > & const).
2024-11-05 19:44:54.994 -05:00 [VRB] CoverageMessagesWriter.WriteModuleDataStream: skippedFunction.Name: operator()(unsigned int).
2024-11-05 19:44:54.994 -05:00 [VRB] CoverageMessagesWriter.WriteModuleDataStream: skippedFunction.Name: _get_startup_commit_mode.
2024-11-05 19:44:54.994 -05:00 [VRB] CoverageMessagesWriter.WriteModuleDataStream: skippedFunction.Name: notre_operator_new.
2024-11-05 19:44:54.994 -05:00 [VRB] CoverageMessagesWriter.WriteModuleDataStream: skippedFunction.Name: catch$0().
2024-11-05 19:44:54.994 -05:00 [VRB] CoverageMessagesWriter.WriteModuleDataStream: skippedFunction.Name: operator new.
2024-11-05 19:44:54.994 -05:00 [VRB] CoverageMessagesWriter.WriteModuleDataStream: skippedFunction.Name: operator new.
2024-11-05 19:44:54.994 -05:00 [VRB] CoverageMessagesWriter.WriteModuleDataStream: skippedFunction.Name: operator new.
2024-11-05 19:44:54.994 -05:00 [VRB] CoverageMessagesWriter.WriteModuleDataStream: skippedFunction.Name: activerCouleursAnsi.
2024-11-05 19:44:54.994 -05:00 [VRB] CoverageMessagesWriter.WriteModuleDataStream: skippedFunction.Name: data().
2024-11-05 19:44:54.994 -05:00 [VRB] CoverageMessagesWriter.WriteModuleDataStream: skippedFunction.Name: get_blocs_alloues_lock.
2024-11-05 19:44:54.994 -05:00 [VRB] CoverageMessagesWriter.WriteModuleDataStream: skippedFunction.Name: static void failwithmessage(void *, int, int, const char *).
2024-11-05 19:44:54.994 -05:00 [VRB] CoverageMessagesWriter.WriteModuleDataStream: skippedFunction.Name: _guard_dispatch_icall_nop.
2024-11-05 19:44:54.994 -05:00 [VRB] CoverageMessagesWriter.WriteModuleDataStream: skippedFunction.Name: get_blocs_alloues_tries(bool, unsigned __int64).
2024-11-05 19:44:54.994 -05:00 [VRB] CoverageMessagesWriter.WriteModuleDataStream: skippedFunction.Name: static struct _IMAGE_SECTION_HEADER * find_pe_section(unsigned char *, const unsigned __int64).
2024-11-05 19:44:54.996 -05:00 [VRB] CoverageMessagesWriter.WriteModuleDataStream: skippedFunction.Name: a_numero_ligne.
2024-11-05 19:44:54.996 -05:00 [VRB] CoverageMessagesWriter.WriteModuleDataStream: skippedFunction.Name: _RTC_StackFailure.
2024-11-05 19:44:54.996 -05:00 [VRB] CoverageMessagesWriter.WriteModuleDataStream: skippedFunction.Name: catch$1().
2024-11-05 19:44:54.996 -05:00 [VRB] CoverageMessagesWriter.WriteModuleDataStream: skippedFunction.Name: compte_allocations.
2024-11-05 19:44:54.996 -05:00 [VRB] CoverageMessagesWriter.WriteModuleDataStream: skippedFunction.Name: data.
2024-11-05 19:44:54.996 -05:00 [VRB] CoverageMessagesWriter.WriteModuleDataStream: skippedFunction.Name: initialiserGoogleTest.
2024-11-05 19:44:54.996 -05:00 [VRB] CoverageMessagesWriter.WriteModuleDataStream: skippedFunction.Name: _RTC_Initialize.
2024-11-05 19:44:54.996 -05:00 [VRB] CoverageMessagesWriter.WriteModuleDataStream: skippedFunction.Name: static unsigned __int64 _strlen_priv(const char *).
2024-11-05 19:44:54.996 -05:00 [VRB] CoverageMessagesWriter.WriteModuleDataStream: skippedFunction.Name: _RTC_GetErrorFunc.
2024-11-05 19:44:54.996 -05:00 [VRB] CoverageMessagesWriter.WriteModuleDataStream: skippedFunction.Name: _get_startup_thread_locale_mode.
2024-11-05 19:44:54.996 -05:00 [VRB] CoverageMessagesWriter.WriteModuleDataStream: skippedFunction.Name: remise_a_zero_verification.
2024-11-05 19:44:54.996 -05:00 [VRB] CoverageMessagesWriter.WriteModuleDataStream: skippedFunction.Name: catch$1().
2024-11-05 19:44:54.996 -05:00 [VRB] CoverageMessagesWriter.WriteModuleDataStream: skippedFunction.Name: get_blocs_alloues.
2024-11-05 19:44:54.996 -05:00 [VRB] CoverageMessagesWriter.WriteModuleDataStream: skippedFunction.Name: locales_a_essayer().
2024-11-05 19:44:54.996 -05:00 [VRB] CoverageMessagesWriter.WriteModuleDataStream: skippedFunction.Name: remet().
2024-11-05 19:44:54.996 -05:00 [VRB] CoverageMessagesWriter.WriteModuleDataStream: skippedFunction.Name: RemplaceRemet<`bibliotheque_cours::remplaceConsoleOutputCP'::`2'::<lambda_1>,unsigned int &><unsigned int &>(class bibliotheque_cours::remplaceConsoleOutputCP::__l2::<lambda_1>, unsigned int & const).
2024-11-05 19:44:54.996 -05:00 [VRB] CoverageMessagesWriter.WriteModuleDataStream: skippedFunction.Name: tous_les_new_ont_un_delete.
2024-11-05 19:44:54.996 -05:00 [VRB] CoverageMessagesWriter.WriteModuleDataStream: skippedFunction.Name: operator()().
2024-11-05 19:44:54.996 -05:00 [VRB] CoverageMessagesWriter.WriteModuleDataStream: skippedFunction.Name: operator()<std::array<std::basic_string<char,std::char_traits<char>,std::allocator<char> >,1> >(class std::array<std::basic_string<char,std::char_traits<char>,std::allocator<char> >,1>).
2024-11-05 19:44:54.996 -05:00 [VRB] CoverageMessagesWriter.WriteModuleDataStream: skippedFunction.Name: span<char const *,-1><2,0>([2] & const).
2024-11-05 19:44:54.996 -05:00 [VRB] CoverageMessagesWriter.WriteModuleDataStream: skippedFunction.Name: activer_verification_allocation.
2024-11-05 19:44:54.996 -05:00 [VRB] CoverageMessagesWriter.WriteModuleDataStream: skippedFunction.Name: est_dans_phase_apres_main.
2024-11-05 19:44:54.996 -05:00 [VRB] CoverageMessagesWriter.WriteModuleDataStream: skippedFunction.Name: to_const_char(const class std::basic_string<char,std::char_traits<char>,std::allocator<char> > & const).
2024-11-05 19:44:54.996 -05:00 [VRB] CoverageMessagesWriter.WriteModuleDataStream: skippedFunction.Name: to_const_char(const char *).
2024-11-05 19:44:54.996 -05:00 [VRB] CoverageMessagesWriter.WriteModuleDataStream: skippedFunction.Name: ~type_info.
2024-11-05 19:44:54.996 -05:00 [VRB] CoverageMessagesWriter.WriteModuleDataStream: skippedFunction.Name: _Smtx_unlock_exclusive.
2024-11-05 19:44:54.996 -05:00 [VRB] CoverageMessagesWriter.WriteModuleDataStream: skippedFunction.Name: _Smtx_unlock_shared.
2024-11-05 19:44:54.996 -05:00 [VRB] CoverageMessagesWriter.WriteModuleDataStream: skippedFunction.Name: get_message_erreur_delete.
2024-11-05 19:44:54.996 -05:00 [VRB] CoverageMessagesWriter.WriteModuleDataStream: skippedFunction.Name: operator().
2024-11-05 19:44:54.996 -05:00 [VRB] CoverageMessagesWriter.WriteModuleDataStream: skippedFunction.Name: operator().
2024-11-05 19:44:54.996 -05:00 [VRB] CoverageMessagesWriter.WriteModuleDataStream: skippedFunction.Name: filt$0().
2024-11-05 19:44:54.996 -05:00 [VRB] CoverageMessagesWriter.WriteModuleDataStream: skippedFunction.Name: remise_a_zero_compteurs_allocation.
2024-11-05 19:44:54.996 -05:00 [VRB] CoverageMessagesWriter.WriteModuleDataStream: skippedFunction.Name: ~S().
2024-11-05 19:44:54.996 -05:00 [VRB] CoverageMessagesWriter.WriteModuleDataStream: skippedFunction.Name: _guard_xfg_dispatch_icall_nop.
2024-11-05 19:44:54.996 -05:00 [VRB] CoverageMessagesWriter.WriteModuleDataStream: skippedFunction.Name: terminate.
2024-11-05 19:44:54.996 -05:00 [VRB] CoverageMessagesWriter.WriteModuleDataStream: skippedFunction.Name: catch$0().
2024-11-05 19:44:54.996 -05:00 [VRB] CoverageMessagesWriter.WriteModuleDataStream: skippedFunction.Name: _Unchecked_begin().
2024-11-05 19:44:54.996 -05:00 [VRB] CoverageMessagesWriter.WriteModuleDataStream: skippedFunction.Name: static bool DebuggerRuntime(unsigned long, int, void *, const wchar_t *).
2024-11-05 19:44:54.996 -05:00 [VRB] CoverageMessagesWriter.WriteModuleDataStream: skippedFunction.Name: remplir_bloc_verification_corruption_a.
2024-11-05 19:44:54.996 -05:00 [VRB] CoverageMessagesWriter.WriteModuleDataStream: skippedFunction.Name: tester_tous_blocs_alloues.
2024-11-05 19:44:54.996 -05:00 [VRB] CoverageMessagesWriter.WriteModuleDataStream: skippedFunction.Name: RemplaceRemet<`bibliotheque_cours::remplaceConsoleInputCP'::`2'::<lambda_1>,unsigned int &><unsigned int &>(class bibliotheque_cours::remplaceConsoleInputCP::__l2::<lambda_1>, unsigned int & const).
2024-11-05 19:44:54.996 -05:00 [VRB] CoverageMessagesWriter.WriteModuleDataStream: skippedFunction.Name: operator().
2024-11-05 19:44:54.996 -05:00 [VRB] CoverageMessagesWriter.WriteModuleDataStream: skippedFunction.Name: catch$0().
2024-11-05 19:44:54.996 -05:00 [VRB] CoverageMessagesWriter.WriteModuleDataStream: skippedFunction.Name: _initialize_denormal_control.
2024-11-05 19:44:54.996 -05:00 [VRB] CoverageMessagesWriter.WriteModuleDataStream: skippedFunction.Name: static void notify_debugger(const struct tagEXCEPTION_VISUALCPP_DEBUG_INFO & const).
2024-11-05 19:44:54.996 -05:00 [VRB] CoverageMessagesWriter.WriteModuleDataStream: skippedFunction.Name: get_blocs_alloues_mutex.
2024-11-05 19:44:54.996 -05:00 [VRB] CoverageMessagesWriter.WriteModuleDataStream: skippedFunction.Name: atexit.
2024-11-05 19:44:54.996 -05:00 [VRB] CoverageMessagesWriter.WriteModuleDataStream: skippedFunction.Name: debogage_allocation_est_actif.
2024-11-05 19:44:54.996 -05:00 [VRB] CoverageMessagesWriter.WriteModuleDataStream: skippedFunction.Name: fin$0().
2024-11-05 19:44:54.996 -05:00 [VRB] CoverageMessagesWriter.WriteModuleDataStream: skippedFunction.Name: static int invoke_main().
2024-11-05 19:44:54.996 -05:00 [VRB] CoverageMessagesWriter.WriteModuleDataStream: skippedFunction.Name: get_info_bloc_memoire(void *).
2024-11-05 19:44:54.996 -05:00 [VRB] CoverageMessagesWriter.WriteModuleDataStream: skippedFunction.Name: operator delete.
2024-11-05 19:44:54.996 -05:00 [VRB] CoverageMessagesWriter.WriteModuleDataStream: skippedFunction.Name: operator delete.
2024-11-05 19:44:54.996 -05:00 [VRB] CoverageMessagesWriter.WriteModuleDataStream: skippedFunction.Name: operator delete.
2024-11-05 19:44:54.996 -05:00 [VRB] CoverageMessagesWriter.WriteModuleDataStream: skippedFunction.Name: _RTC_Terminate.
2024-11-05 19:44:54.996 -05:00 [VRB] CoverageMessagesWriter.WriteModuleDataStream: skippedFunction.Name: remplaceCLocale(int, class gsl::span<char const *,-1>).
2024-11-05 19:44:54.996 -05:00 [VRB] CoverageMessagesWriter.WriteModuleDataStream: skippedFunction.Name: tester_bloc_verification_corruption_a.
2024-11-05 19:44:54.996 -05:00 [VRB] CoverageMessagesWriter.WriteModuleDataStream: skippedFunction.Name: static int ArrayUnwindFilter(struct _EXCEPTION_POINTERS *).
2024-11-05 19:44:54.996 -05:00 [VRB] CoverageMessagesWriter.WriteModuleDataStream: skippedFunction.Name: ~dbgbuf.
2024-11-05 19:44:54.996 -05:00 [VRB] CoverageMessagesWriter.WriteModuleDataStream: skippedFunction.Name: storage_type<gsl::details::extent_type<-1> ><unsigned __int64>.
2024-11-05 19:44:54.996 -05:00 [VRB] CoverageMessagesWriter.WriteModuleDataStream: skippedFunction.Name: overflow.
2024-11-05 19:44:54.996 -05:00 [VRB] CoverageMessagesWriter.WriteModuleDataStream: skippedFunction.Name: ouvrirUneConsoleSiTestAvecDebogueur.
2024-11-05 19:44:54.996 -05:00 [VRB] CoverageMessagesWriter.WriteModuleDataStream: skippedFunction.Name: _get_startup_file_mode.
2024-11-05 19:44:54.996 -05:00 [VRB] CoverageMessagesWriter.WriteModuleDataStream: skippedFunction.Name: operator delete[].
2024-11-05 19:44:54.996 -05:00 [VRB] CoverageMessagesWriter.WriteModuleDataStream: skippedFunction.Name: operator delete[].
2024-11-05 19:44:54.996 -05:00 [VRB] CoverageMessagesWriter.WriteModuleDataStream: skippedFunction.Name: operator delete[].
2024-11-05 19:44:54.996 -05:00 [VRB] CoverageMessagesWriter.WriteModuleDataStream: skippedFunction.Name: _RTC_GetErrorFuncW.
2024-11-05 19:44:54.996 -05:00 [VRB] CoverageMessagesWriter.WriteModuleDataStream: skippedFunction.Name: RemplaceRemet<`bibliotheque_cours::remplaceCLocale'::`2'::<lambda_1>,gsl::span<char const *,-1> &><gsl::span<char const *,-1> &>(class bibliotheque_cours::remplaceCLocale::__l2::<lambda_1>, class gsl::span<char const *,-1> & const).
2024-11-05 19:44:54.996 -05:00 [VRB] CoverageMessagesWriter.WriteModuleDataStream: skippedFunction.Name: mainCRTStartup.
2024-11-05 19:44:54.996 -05:00 [VRB] CoverageMessagesWriter.WriteModuleDataStream: skippedFunction.Name: dbgbuf.
2024-11-05 19:44:54.996 -05:00 [VRB] CoverageMessagesWriter.WriteModuleDataStream: skippedFunction.Name: operator<<.
2024-11-05 19:44:54.996 -05:00 [VRB] CoverageMessagesWriter.WriteModuleDataStream: skippedFunction.Name: get_blocs_alloues_shared_lock.
2024-11-05 19:44:54.996 -05:00 [VRB] CoverageMessagesWriter.WriteModuleDataStream: skippedFunction.Name: size().
2024-11-05 19:44:54.996 -05:00 [VRB] CoverageMessagesWriter.WriteModuleDataStream: skippedFunction.Name: _Unchecked_end().
2024-11-05 19:44:54.996 -05:00 [VRB] CoverageMessagesWriter.WriteModuleDataStream: skippedFunction.Name: repond_aux_criteres.
2024-11-05 19:44:54.996 -05:00 [VRB] CoverageMessagesWriter.WriteModuleDataStream: skippedFunction.Name: NtCurrentTeb.
2024-11-05 19:44:54.996 -05:00 [VRB] CoverageMessagesWriter.WriteModuleDataStream: skippedFunction.Name: `dynamic initializer for 'blocs_alloues''().
2024-11-05 19:44:54.996 -05:00 [VRB] CoverageMessagesWriter.WriteModuleDataStream: skippedFunction.Name: set_breakpoint_sur_allocations.
2024-11-05 19:44:54.996 -05:00 [VRB] CoverageMessagesWriter.WriteModuleDataStream: skippedFunction.Name: _should_initialize_environment.
2024-11-05 19:44:54.996 -05:00 [VRB] CoverageMessagesWriter.WriteModuleDataStream: skippedFunction.Name: ~SansVerifierAllocations.
2024-11-05 19:44:54.996 -05:00 [VRB] CoverageMessagesWriter.WriteModuleDataStream: skippedFunction.Name: static int pre_c_initialization().
2024-11-05 19:44:54.996 -05:00 [VRB] CoverageMessagesWriter.WriteModuleDataStream: skippedFunction.Name: extent_type<-1><2>.
2024-11-05 19:44:54.996 -05:00 [VRB] CoverageMessagesWriter.WriteModuleDataStream: skippedFunction.Name: static bool DebuggerProbe(unsigned long).
2024-11-05 19:44:54.996 -05:00 [VRB] CoverageMessagesWriter.WriteModuleDataStream: skippedFunction.Name: _matherr.
2024-11-05 19:44:54.996 -05:00 [VRB] CoverageMessagesWriter.WriteModuleDataStream: skippedFunction.Name: _Init_thread_wait_v2.
2024-11-05 19:44:54.996 -05:00 [VRB] CoverageMessagesWriter.WriteModuleDataStream: skippedFunction.Name: _get_startup_new_mode.
2024-11-05 19:44:54.996 -05:00 [VRB] CoverageMessagesWriter.WriteModuleDataStream: skippedFunction.Name: desactiver_verification_allocation.
2024-11-05 19:44:54.996 -05:00 [VRB] CoverageMessagesWriter.WriteModuleDataStream: skippedFunction.Name: ~RemplaceRemet<`bibliotheque_cours::remplaceConsoleInputCP'::`2'::<lambda_1>,unsigned int &>().
2024-11-05 19:44:54.996 -05:00 [VRB] CoverageMessagesWriter.WriteModuleDataStream: skippedFunction.Name: ~VerifierFuitesAllocations.
2024-11-05 19:44:54.996 -05:00 [VRB] CoverageMessagesWriter.WriteModuleDataStream: skippedFunction.Name: operator().
2024-11-05 19:44:54.996 -05:00 [VRB] CoverageMessagesWriter.WriteModuleDataStream: skippedFunction.Name: static bool is_potentially_valid_image_base(void *).
2024-11-05 19:44:54.996 -05:00 [VRB] CoverageMessagesWriter.WriteModuleDataStream: skippedFunction.Name: ~RemplaceRemet<`bibliotheque_cours::remplaceCLocale'::`2'::<lambda_1>,gsl::span<char const *,-1> &>().
2024-11-05 19:44:54.996 -05:00 [VRB] CoverageMessagesWriter.WriteModuleDataStream: skippedFunction.Name: _initialize_invalid_parameter_handler.
2024-11-05 19:44:54.996 -05:00 [VRB] CoverageMessagesWriter.WriteModuleDataStream: skippedFunction.Name: InitConsole.
2024-11-05 19:44:54.996 -05:00 [VRB] CoverageMessagesWriter.WriteModuleDataStream: skippedFunction.Name: remplaceConsoleOutputCP(unsigned int).
2024-11-05 19:44:54.996 -05:00 [VRB] CoverageMessagesWriter.WriteModuleDataStream: skippedFunction.Name: _get_startup_argv_mode.
2024-11-05 19:44:54.996 -05:00 [VRB] CoverageMessagesWriter.WriteModuleDataStream: skippedFunction.Name: mettre_verification_corruption_sur_allocation.
2024-11-05 19:44:54.996 -05:00 [VRB] CoverageMessagesWriter.WriteModuleDataStream: skippedFunction.Name: dbgstream.
2024-11-05 19:44:54.996 -05:00 [VRB] CoverageMessagesWriter.WriteModuleDataStream: skippedFunction.Name: extent_type<-1>.
2024-11-05 19:44:54.996 -05:00 [VRB] CoverageMessagesWriter.WriteModuleDataStream: skippedFunction.Name: wmemset.
2024-11-05 19:44:54.996 -05:00 [VRB] CoverageMessagesWriter.WriteModuleDataStream: skippedFunction.Name: operator()<gsl::span<char const *,-1> >(class gsl::span<char const *,-1>).
2024-11-05 19:44:54.996 -05:00 [VRB] CoverageMessagesWriter.WriteModuleDataStream: skippedFunction.Name: operator().
2024-11-05 19:44:54.996 -05:00 [VRB] CoverageMessagesWriter.WriteModuleDataStream: skippedFunction.Name: remplaceConsoleInputCP(unsigned int).
2024-11-05 19:44:54.996 -05:00 [VRB] CoverageMessagesWriter.WriteModuleDataStream: skippedFunction.Name: get_marqueur_verification_allocation.
2024-11-05 19:44:54.996 -05:00 [VRB] CoverageMessagesWriter.WriteModuleDataStream: skippedFunction.Name: SansVerifierAllocations.
2024-11-05 19:44:54.996 -05:00 [VRB] CoverageMessagesWriter.WriteModuleDataStream: skippedFunction.Name: static void capture_previous_context(struct _CONTEXT *).
2024-11-05 19:44:54.996 -05:00 [VRB] CoverageMessagesWriter.WriteModuleDataStream: skippedFunction.Name: afficher_fuites.
2024-11-05 19:44:54.996 -05:00 [VRB] CoverageMessagesWriter.WriteModuleDataStream: skippedFunction.Name: fin$0().
2024-11-05 19:44:54.996 -05:00 [VRB] CoverageMessagesWriter.WriteModuleDataStream: skippedFunction.Name: static struct HINSTANCE__ * GetPdbDllFromInstallPath().
2024-11-05 19:44:54.996 -05:00 [VRB] CoverageMessagesWriter.WriteModuleDataStream: skippedFunction.Name: _Init_thread_unlock.
2024-11-05 19:44:54.996 -05:00 [VRB] CoverageMessagesWriter.WriteModuleDataStream: skippedFunction.Name: data().
2024-11-05 19:44:54.996 -05:00 [VRB] CoverageMessagesWriter.WriteModuleDataStream: skippedFunction.Name: static void pre_cpp_initialization().
2024-11-05 19:44:54.996 -05:00 [VRB] CoverageMessagesWriter.WriteModuleDataStream: skippedFunction.Name: data.
2024-11-05 19:44:54.996 -05:00 [VRB] CoverageMessagesWriter.WriteModuleDataStream: skippedFunction.Name: _Init_thread_abort.
2024-11-05 19:44:54.996 -05:00 [VRB] CoverageMessagesWriter.WriteModuleDataStream: skippedFunction.Name: operator()<std::pair<void * const,bibliotheque_cours::InfoBlocMemoire>,std::pair<void * const,bibliotheque_cours::InfoBlocMemoire> >(struct std::pair<void * const,bibliotheque_cours::InfoBlocMemoire> *, struct std::pair<void * const,bibliotheque_cours::InfoBlocMemoire> *).
2024-11-05 19:44:54.996 -05:00 [VRB] CoverageMessagesWriter.WriteModuleDataStream: skippedFunction.Name: _RTC_CheckStackVars.
2024-11-05 19:44:54.996 -05:00 [VRB] CoverageMessagesWriter.WriteModuleDataStream: skippedFunction.Name: sync.
2024-11-05 19:44:54.996 -05:00 [VRB] CoverageMessagesWriter.WriteModuleDataStream: skippedFunction.Name: `dynamic initializer for 'cdbg''().
2024-11-05 19:44:54.996 -05:00 [VRB] CoverageMessagesWriter.WriteModuleDataStream: skippedFunction.Name: assurer_taille_allocation_possible.
2024-11-05 19:44:54.996 -05:00 [VRB] CoverageMessagesWriter.WriteModuleDataStream: skippedFunction.Name: _guard_check_icall_nop.
2024-11-05 19:44:54.996 -05:00 [VRB] CoverageMessagesWriter.WriteModuleDataStream: skippedFunction.Name: operator()(unsigned int).
2024-11-05 19:44:54.996 -05:00 [VRB] CoverageMessagesWriter.WriteModuleDataStream: skippedFunction.Name: filt$0().
2024-11-05 19:44:54.996 -05:00 [VRB] CoverageMessagesWriter.WriteModuleDataStream: skippedFunction.Name: ~RemplaceRemet<`bibliotheque_cours::remplaceConsoleOutputCP'::`2'::<lambda_1>,unsigned int &>().
2024-11-05 19:44:54.996 -05:00 [VRB] CoverageMessagesWriter.WriteModuleDataStream: skippedFunction.Name: storage_type<gsl::details::extent_type<-1> ><gsl::details::extent_type<2> >(struct gsl::span<char const *,-1>::KnownNotNull, class gsl::details::extent_type<2>).
2024-11-05 19:44:54.996 -05:00 [VRB] CoverageMessagesWriter.WriteModuleDataStream: skippedFunction.Name: _RTC_GetSrcLine.
2024-11-05 19:44:54.996 -05:00 [VRB] CoverageMessagesWriter.WriteModuleDataStream: skippedFunction.Name: size.
2024-11-05 19:44:54.996 -05:00 [VRB] CoverageMessagesWriter.WriteModuleDataStream: skippedFunction.Name: _Init_thread_notify.
2024-11-05 19:44:54.996 -05:00 [VRB] CoverageMessagesWriter.WriteModuleDataStream: skippedFunction.Name: _Init_thread_footer.
2024-11-05 19:44:54.996 -05:00 [VRB] CoverageMessagesWriter.WriteModuleDataStream: skippedFunction.Name: remet().
2024-11-05 19:44:54.996 -05:00 [VRB] CoverageMessagesWriter.WriteModuleDataStream: skippedFunction.Name: `dynamic initializer for '_initConsole''().
2024-11-05 19:44:54.996 -05:00 [VRB] CoverageMessagesWriter.WriteModuleDataStream: skippedFunction.Name: `dynamic initializer for '_initConsole''().
2024-11-05 19:44:54.996 -05:00 [VRB] CoverageMessagesWriter.WriteModuleDataStream: skippedFunction.Name: _Unchecked_end.
2024-11-05 19:44:54.996 -05:00 [VRB] CoverageMessagesWriter.WriteModuleDataStream: skippedFunction.Name: taille_allocation_selon_verification_corruption.
2024-11-05 19:44:54.996 -05:00 [VRB] CoverageMessagesWriter.WriteModuleDataStream: skippedFunction.Name: est_depuis.
2024-11-05 19:44:54.996 -05:00 [VRB] CoverageMessagesWriter.WriteModuleDataStream: skippedFunction.Name: static int GetPdbDllPathFromFilePath(const wchar_t *, wchar_t *, unsigned __int64).
2024-11-05 19:44:54.996 -05:00 [VRB] CoverageMessagesWriter.WriteModuleDataStream: skippedFunction.Name: static struct HINSTANCE__ * GetPdbDll().
2024-11-05 19:44:54.996 -05:00 [VRB] CoverageMessagesWriter.WriteModuleDataStream: skippedFunction.Name: filt$0().
2024-11-05 19:44:54.996 -05:00 [VRB] CoverageMessagesWriter.WriteModuleDataStream: skippedFunction.Name: pointeur_octets.
2024-11-05 19:44:54.996 -05:00 [VRB] CoverageMessagesWriter.WriteModuleDataStream: skippedFunction.Name: displayDebugString(const class std::basic_string<char,std::char_traits<char>,std::allocator<char> > & const).
2024-11-05 19:44:54.996 -05:00 [VRB] CoverageMessagesWriter.WriteModuleDataStream: skippedFunction.Name: executerGoogleTest.
2024-11-05 19:44:54.996 -05:00 [VRB] CoverageMessagesWriter.WriteModuleDataStream: skippedFunction.Name: catch$0().
2024-11-05 19:44:54.996 -05:00 [VRB] CoverageMessagesWriter.WriteModuleDataStream: skippedFunction.Name: _Init_thread_header.
2024-11-05 19:44:54.996 -05:00 [VRB] CoverageMessagesWriter.WriteModuleDataStream: skippedFunction.Name: notre_operator_delete.
2024-11-05 19:44:54.996 -05:00 [VRB] CoverageMessagesWriter.WriteModuleDataStream: skippedFunction.Name: operator new[].
2024-11-05 19:44:54.996 -05:00 [VRB] CoverageMessagesWriter.WriteModuleDataStream: skippedFunction.Name: operator new[].
2024-11-05 19:44:54.996 -05:00 [VRB] CoverageMessagesWriter.WriteModuleDataStream: skippedFunction.Name: dump_blocs_alloues.
2024-11-05 19:44:54.996 -05:00 [VRB] CoverageMessagesWriter.WriteModuleDataStream: skippedFunction.Name: flushMessageBuffer.
2024-11-05 19:44:54.996 -05:00 [VRB] CoverageMessagesWriter.WriteModuleDataStream: skippedFunction.Name: initialisation_juste_avant_variables_globales().
2024-11-05 19:44:54.996 -05:00 [VRB] CoverageMessagesWriter.WriteModuleDataStream: skippedFunction.Name: size.
2024-11-05 19:44:54.996 -05:00 [VRB] CoverageMessagesWriter.WriteModuleDataStream: skippedFunction.Name: remet().
2024-11-05 19:44:54.996 -05:00 [VRB] CoverageMessagesWriter.WriteModuleDataStream: skippedFunction.Name: VerifierFuitesAllocations.
2024-11-05 19:44:54.996 -05:00 [VRB] CoverageMessagesWriter.WriteModuleDataStream: skippedFunction.Name: catch$0().
2024-11-05 19:44:54.996 -05:00 [VRB] CoverageMessagesWriter.WriteModuleDataStream: skippedFunction.Name: tester_verification_corruption_sur_allocation.
2024-11-05 19:44:54.997 -05:00 [VRB] CoverageMessagesWriter.WriteModuleDataStream: skippedFunction.Name: size.
2024-11-05 19:44:54.997 -05:00 [VRB] CoverageMessagesWriter.WriteModuleDataStream: skippedFunction.Name: _Smtx_lock_shared.
2024-11-05 19:44:54.997 -05:00 [VRB] CoverageMessagesWriter.WriteModuleDataStream: skippedFunction.Name: _onexit.
2024-11-05 19:44:54.997 -05:00 [VRB] CoverageMessagesWriter.WriteModuleDataStream: skippedFunction.Name: etait_deja_actif.
2024-11-05 19:44:54.997 -05:00 [VRB] CoverageMessagesWriter.WriteModuleDataStream: skippedFunction.Name: lancer_erreur_delete(bibliotheque_cours::SorteErreurDelete, const struct bibliotheque_cours::InfoBlocMemoire & const).
2024-11-05 19:44:54.997 -05:00 [VRB] CoverageMessagesWriter.WriteModuleDataStream: skippedFunction.Name: static int post_pgo_initialization().
2024-11-05 19:44:54.997 -05:00 [VRB] CoverageMessagesWriter.WriteModuleDataStream: skippedFunction.Name: activerEncodageLocale.
2024-11-05 19:44:54.997 -05:00 [VRB] CoverageMessagesWriter.WriteModuleDataStream: skippedFunction.Name: <lambda_1>(const int & const).
2024-11-05 19:44:54.997 -05:00 [VRB] CoverageMessagesWriter.WriteModuleDataStream: skippedFunction.Name: _Smtx_lock_exclusive.
2024-11-05 19:44:54.997 -05:00 [VRB] CoverageMessagesWriter.WriteModuleDataStream: skippedFunction.Name: _Unchecked_begin.
2024-11-05 19:44:54.997 -05:00 [VRB] CoverageMessagesWriter.WriteModuleDataStream: skippedFunction.Name: catch$0().
2024-11-05 19:44:54.997 -05:00 [VRB] CoverageMessagesWriter.WriteModuleDataStream: skippedFunction.Name: ~VerifierALaFin.
2024-11-05 19:44:54.997 -05:00 [VRB] CoverageMessagesWriter.WriteModuleDataStream: skippedFunction.Name: span<unsigned __int64,-1><-1,0>.
2024-11-05 19:44:54.997 -05:00 [VRB] CoverageMessagesWriter.WriteModuleDataStream: skippedFunction.Name: _Init_thread_lock.
2024-11-05 19:44:54.999 -05:00 [INF] CoverageFileWriter.WriteFile: schema: 1, modules: True, skippedFunctions: True, skippedModules: True, snapshot: True
2024-11-05 19:44:54.999 -05:00 [INF] Report generator: DefaultReportGenerator, output file: couveture2024-11-05_19_44_53.81.coverage
2024-11-05 19:44:54.999 -05:00 [VRB] PipeConnection.Stop: a8a4142b-b8e9-4f62-880a-08e0e331314f finished
2024-11-05 19:44:54.999 -05:00 [VRB] PipeConnection.Stop: f50a0916-6af8-4dc0-893b-649586be22a8 finished
2024-11-05 19:44:54.999 -05:00 [VRB] PipeConnection.Stop: a0196c3e-061e-4c65-a33b-18b951688327 finished
2024-11-05 19:44:54.999 -05:00 [VRB] PipeConnection.Stop: 52f663ef-524a-46a1-a9f4-ebb6b42e22dd finished
2024-11-05 19:44:54.999 -05:00 [VRB] PipeConnection.Stop: a0f866d3-ac1d-4b54-9b64-b8aa727b1d17 finished
2024-11-05 19:44:54.999 -05:00 [VRB] PipeConnection.Stop: 8c89ea89-f63c-4740-bbd6-06b10814e808 finished
2024-11-05 19:44:54.999 -05:00 [VRB] PipeConnection.Stop: 98a42891-00f6-4a2e-b759-b359dc3fd707 finished
2024-11-05 19:44:54.999 -05:00 [INF] LoggerBase.OnShutdown: Logger is shutting down.
2024-11-05 19:44:54.999 -05:00 [VRB] PipeConnection.Stop: a8a4142b-b8e9-4f62-880a-08e0e331314f finished
2024-11-05 19:44:54.999 -05:00 [VRB] PipeConnection.Stop: f50a0916-6af8-4dc0-893b-649586be22a8 finished
2024-11-05 19:44:54.999 -05:00 [VRB] PipeConnection.Stop: a0196c3e-061e-4c65-a33b-18b951688327 finished
2024-11-05 19:44:54.999 -05:00 [VRB] PipeConnection.Stop: 52f663ef-524a-46a1-a9f4-ebb6b42e22dd finished
2024-11-05 19:44:54.999 -05:00 [VRB] PipeConnection.Stop: a0f866d3-ac1d-4b54-9b64-b8aa727b1d17 finished
2024-11-05 19:44:54.999 -05:00 [VRB] PipeConnection.Stop: 8c89ea89-f63c-4740-bbd6-06b10814e808 finished
2024-11-05 19:44:54.999 -05:00 [VRB] PipeConnection.Stop: 98a42891-00f6-4a2e-b759-b359dc3fd707 finished
2024-11-05 19:44:54.999 -05:00 [VRB] PipeConnection.Stop: a8a4142b-b8e9-4f62-880a-08e0e331314f finished
2024-11-05 19:44:54.999 -05:00 [VRB] PipeConnection.Stop: f50a0916-6af8-4dc0-893b-649586be22a8 finished
2024-11-05 19:44:54.999 -05:00 [VRB] PipeConnection.Stop: a0196c3e-061e-4c65-a33b-18b951688327 finished
2024-11-05 19:44:54.999 -05:00 [VRB] PipeConnection.Stop: 52f663ef-524a-46a1-a9f4-ebb6b42e22dd finished
2024-11-05 19:44:54.999 -05:00 [VRB] PipeConnection.Stop: a0f866d3-ac1d-4b54-9b64-b8aa727b1d17 finished
2024-11-05 19:44:54.999 -05:00 [VRB] PipeConnection.Stop: 8c89ea89-f63c-4740-bbd6-06b10814e808 finished
2024-11-05 19:44:54.999 -05:00 [VRB] PipeConnection.Stop: 98a42891-00f6-4a2e-b759-b359dc3fd707 finished
2024-11-05 19:44:55.008 -05:00 [INF] PipeConnection.OnClientConnected: 52f663ef-524a-46a1-a9f4-ebb6b42e22dd connection was not made. Exception: Cannot access a closed pipe.
2024-11-05 19:44:55.008 -05:00 [INF] PipeConnection.OnClientConnected: a0f866d3-ac1d-4b54-9b64-b8aa727b1d17 connection was not made. Exception: Cannot access a closed pipe.
2024-11-05 19:44:55.008 -05:00 [VRB] PipeConnection.OnClientConnected: a0f866d3-ac1d-4b54-9b64-b8aa727b1d17 finished
2024-11-05 19:44:55.008 -05:00 [VRB] PipeConnection.OnClientConnected: 52f663ef-524a-46a1-a9f4-ebb6b42e22dd finished
2024-11-05 19:44:55.008 -05:00 [INF] PipeConnection.OnClientConnected: 8c89ea89-f63c-4740-bbd6-06b10814e808 connection was not made. Exception: Cannot access a closed pipe.
2024-11-05 19:44:55.008 -05:00 [VRB] PipeConnection.OnClientConnected: 8c89ea89-f63c-4740-bbd6-06b10814e808 finished
2024-11-05 19:44:55.008 -05:00 [INF] PipeConnection.OnClientConnected: 98a42891-00f6-4a2e-b759-b359dc3fd707 connection was not made. Exception: Cannot access a closed pipe.
2024-11-05 19:44:55.008 -05:00 [VRB] PipeConnection.OnClientConnected: 98a42891-00f6-4a2e-b759-b359dc3fd707 finished
2024-11-05 19:44:55.008 -05:00 [INF] PipeConnection.OnClientConnected: a0196c3e-061e-4c65-a33b-18b951688327 connection was not made. Exception: Cannot access a closed pipe.
2024-11-05 19:44:55.008 -05:00 [VRB] PipeConnection.OnClientConnected: a0196c3e-061e-4c65-a33b-18b951688327 finished
2024-11-05 19:44:55.008 -05:00 [VRB] Cleanup session directory folder 'C:\Users\jason\AppData\Local\Temp\2e3a668a-29b1-4d06-bd63-ee4a094bdc2b'
